TRACE::2022-10-19.19:18:44::SCWPlatform::Trying to open the hw design at D:/FPGA/MicroBlaze_Fnd/MicroBlaze_Fnd.vitis/design_MicroBlaze_Fnd_wrapper/hw/design_MicroBlaze_Fnd_wrapper.xsa
TRACE::2022-10-19.19:18:44::SCWPlatform::DSA given D:/FPGA/MicroBlaze_Fnd/MicroBlaze_Fnd.vitis/design_MicroBlaze_Fnd_wrapper/hw/design_MicroBlaze_Fnd_wrapper.xsa
TRACE::2022-10-19.19:18:44::SCWPlatform::DSA absoulate path D:/FPGA/MicroBlaze_Fnd/MicroBlaze_Fnd.vitis/design_MicroBlaze_Fnd_wrapper/hw/design_MicroBlaze_Fnd_wrapper.xsa
TRACE::2022-10-19.19:18:48::SCWPlatform::DSA directory D:/FPGA/MicroBlaze_Fnd/MicroBlaze_Fnd.vitis/design_MicroBlaze_Fnd_wrapper/hw
TRACE::2022-10-19.19:18:48::SCWPlatform:: Platform Path D:/FPGA/MicroBlaze_Fnd/MicroBlaze_Fnd.vitis/design_MicroBlaze_Fnd_wrapper/hw/design_MicroBlaze_Fnd_wrapper.xsa
TRACE::2022-10-19.19:18:48::SCWPlatform:: Unique name xilinx:basys3::0.0
TRACE::2022-10-19.19:18:48::SCWPlatform::Do not have an existing db opened. 
TRACE::2022-10-19.19:18:48::SCWPlatform::Opened new HwDB with name design_MicroBlaze_Fnd_wrapper_0
TRACE::2022-10-19.19:18:48::SCWWriter::formatted JSON is {
	"platformName":	"design_MicroBlaze_Fnd_wrapper",
	"sprVersion":	"2.0",
	"mode":	"gui",
	"dsaType":	"Fixed",
	"platformDesc":	"design_MicroBlaze_Fnd_wrapper",
	"platHandOff":	"D:/FPGA/MicroBlaze_Fnd/design_MicroBlaze_Fnd_wrapper.xsa",
	"platIntHandOff":	"<platformDir>/hw/design_MicroBlaze_Fnd_wrapper.xsa",
	"deviceType":	"FPGA",
	"platIsPrebuiltAutogen":	"false",
	"platIsNoBootBsp":	"false",
	"hasFsblMakeHasChanges":	"false",
	"hasPmufwMakeHasChanges":	"false",
	"platPreBuiltFlag":	false,
	"platformSamplesDir":	""
}
TRACE::2022-10-19.19:18:48::SCWWriter::formatted JSON is {
	"platformName":	"design_MicroBlaze_Fnd_wrapper",
	"sprVersion":	"2.0",
	"mode":	"gui",
	"dsaType":	"Fixed",
	"platformDesc":	"design_MicroBlaze_Fnd_wrapper",
	"platHandOff":	"D:/FPGA/MicroBlaze_Fnd/design_MicroBlaze_Fnd_wrapper.xsa",
	"platIntHandOff":	"<platformDir>/hw/design_MicroBlaze_Fnd_wrapper.xsa",
	"deviceType":	"FPGA",
	"platIsPrebuiltAutogen":	"false",
	"platIsNoBootBsp":	"false",
	"hasFsblMakeHasChanges":	"false",
	"hasPmufwMakeHasChanges":	"false",
	"platPreBuiltFlag":	false,
	"platformSamplesDir":	"",
	"platActiveSys":	"design_MicroBlaze_Fnd_wrapper",
	"systems":	[{
			"systemName":	"design_MicroBlaze_Fnd_wrapper",
			"systemDesc":	"design_MicroBlaze_Fnd_wrapper",
			"sysIsBootAutoGen":	"true",
			"systemDispName":	"design_MicroBlaze_Fnd_wrapper"
		}]
}
TRACE::2022-10-19.19:18:48::SCWPlatform::Boot application domains not present, creating them
TRACE::2022-10-19.19:18:48::SCWPlatform::Pure FPGA device, no boot application will be created.
TRACE::2022-10-19.19:18:48::SCWWriter::formatted JSON is {
	"platformName":	"design_MicroBlaze_Fnd_wrapper",
	"sprVersion":	"2.0",
	"mode":	"gui",
	"dsaType":	"Fixed",
	"platformDesc":	"design_MicroBlaze_Fnd_wrapper",
	"platHandOff":	"D:/FPGA/MicroBlaze_Fnd/design_MicroBlaze_Fnd_wrapper.xsa",
	"platIntHandOff":	"<platformDir>/hw/design_MicroBlaze_Fnd_wrapper.xsa",
	"deviceType":	"FPGA",
	"platIsPrebuiltAutogen":	"false",
	"platIsNoBootBsp":	"false",
	"hasFsblMakeHasChanges":	"false",
	"hasPmufwMakeHasChanges":	"false",
	"platPreBuiltFlag":	false,
	"platformSamplesDir":	"",
	"platActiveSys":	"design_MicroBlaze_Fnd_wrapper",
	"systems":	[{
			"systemName":	"design_MicroBlaze_Fnd_wrapper",
			"systemDesc":	"design_MicroBlaze_Fnd_wrapper",
			"sysIsBootAutoGen":	"true",
			"systemDispName":	"design_MicroBlaze_Fnd_wrapper"
		}]
}
TRACE::2022-10-19.19:18:48::SCWWriter::formatted JSON is {
	"platformName":	"design_MicroBlaze_Fnd_wrapper",
	"sprVersion":	"2.0",
	"mode":	"gui",
	"dsaType":	"Fixed",
	"platformDesc":	"design_MicroBlaze_Fnd_wrapper",
	"platHandOff":	"D:/FPGA/MicroBlaze_Fnd/design_MicroBlaze_Fnd_wrapper.xsa",
	"platIntHandOff":	"<platformDir>/hw/design_MicroBlaze_Fnd_wrapper.xsa",
	"deviceType":	"FPGA",
	"platIsPrebuiltAutogen":	"false",
	"platIsNoBootBsp":	"false",
	"hasFsblMakeHasChanges":	"false",
	"hasPmufwMakeHasChanges":	"false",
	"platPreBuiltFlag":	false,
	"platformSamplesDir":	"",
	"platActiveSys":	"design_MicroBlaze_Fnd_wrapper",
	"systems":	[{
			"systemName":	"design_MicroBlaze_Fnd_wrapper",
			"systemDesc":	"design_MicroBlaze_Fnd_wrapper",
			"sysIsBootAutoGen":	"true",
			"systemDispName":	"design_MicroBlaze_Fnd_wrapper"
		}]
}
TRACE::2022-10-19.19:18:48::SCWPlatform::Trying to open the hw design at D:/FPGA/MicroBlaze_Fnd/MicroBlaze_Fnd.vitis/design_MicroBlaze_Fnd_wrapper/hw/design_MicroBlaze_Fnd_wrapper.xsa
TRACE::2022-10-19.19:18:48::SCWPlatform::DSA given D:/FPGA/MicroBlaze_Fnd/MicroBlaze_Fnd.vitis/design_MicroBlaze_Fnd_wrapper/hw/design_MicroBlaze_Fnd_wrapper.xsa
TRACE::2022-10-19.19:18:48::SCWPlatform::DSA absoulate path D:/FPGA/MicroBlaze_Fnd/MicroBlaze_Fnd.vitis/design_MicroBlaze_Fnd_wrapper/hw/design_MicroBlaze_Fnd_wrapper.xsa
TRACE::2022-10-19.19:18:48::SCWPlatform::DSA directory D:/FPGA/MicroBlaze_Fnd/MicroBlaze_Fnd.vitis/design_MicroBlaze_Fnd_wrapper/hw
TRACE::2022-10-19.19:18:48::SCWPlatform:: Platform Path D:/FPGA/MicroBlaze_Fnd/MicroBlaze_Fnd.vitis/design_MicroBlaze_Fnd_wrapper/hw/design_MicroBlaze_Fnd_wrapper.xsa
TRACE::2022-10-19.19:18:48::SCWPlatform:: Unique name xilinx:basys3::0.0
TRACE::2022-10-19.19:18:48::SCWPlatform::Trying to set the existing hwdb with name design_MicroBlaze_Fnd_wrapper_0
TRACE::2022-10-19.19:18:48::SCWPlatform::Opened existing hwdb design_MicroBlaze_Fnd_wrapper_0
TRACE::2022-10-19.19:18:48::SCWPlatform::Found the Hw Db part of the input DSA
TRACE::2022-10-19.19:18:48::SCWDomain::checking for install qemu data   : 
TRACE::2022-10-19.19:18:48::SCWPlatform::Trying to open the hw design at D:/FPGA/MicroBlaze_Fnd/MicroBlaze_Fnd.vitis/design_MicroBlaze_Fnd_wrapper/hw/design_MicroBlaze_Fnd_wrapper.xsa
TRACE::2022-10-19.19:18:48::SCWPlatform::DSA given D:/FPGA/MicroBlaze_Fnd/MicroBlaze_Fnd.vitis/design_MicroBlaze_Fnd_wrapper/hw/design_MicroBlaze_Fnd_wrapper.xsa
TRACE::2022-10-19.19:18:48::SCWPlatform::DSA absoulate path D:/FPGA/MicroBlaze_Fnd/MicroBlaze_Fnd.vitis/design_MicroBlaze_Fnd_wrapper/hw/design_MicroBlaze_Fnd_wrapper.xsa
TRACE::2022-10-19.19:18:48::SCWPlatform::DSA directory D:/FPGA/MicroBlaze_Fnd/MicroBlaze_Fnd.vitis/design_MicroBlaze_Fnd_wrapper/hw
TRACE::2022-10-19.19:18:48::SCWPlatform:: Platform Path D:/FPGA/MicroBlaze_Fnd/MicroBlaze_Fnd.vitis/design_MicroBlaze_Fnd_wrapper/hw/design_MicroBlaze_Fnd_wrapper.xsa
TRACE::2022-10-19.19:18:48::SCWPlatform:: Unique name xilinx:basys3::0.0
TRACE::2022-10-19.19:18:48::SCWPlatform::Trying to set the existing hwdb with name design_MicroBlaze_Fnd_wrapper_0
TRACE::2022-10-19.19:18:48::SCWPlatform::Opened existing hwdb design_MicroBlaze_Fnd_wrapper_0
TRACE::2022-10-19.19:18:48::SCWPlatform::Found the Hw Db part of the input DSA
TRACE::2022-10-19.19:18:48::SCWPlatform::Trying to open the hw design at D:/FPGA/MicroBlaze_Fnd/MicroBlaze_Fnd.vitis/design_MicroBlaze_Fnd_wrapper/hw/design_MicroBlaze_Fnd_wrapper.xsa
TRACE::2022-10-19.19:18:48::SCWPlatform::DSA given D:/FPGA/MicroBlaze_Fnd/MicroBlaze_Fnd.vitis/design_MicroBlaze_Fnd_wrapper/hw/design_MicroBlaze_Fnd_wrapper.xsa
TRACE::2022-10-19.19:18:48::SCWPlatform::DSA absoulate path D:/FPGA/MicroBlaze_Fnd/MicroBlaze_Fnd.vitis/design_MicroBlaze_Fnd_wrapper/hw/design_MicroBlaze_Fnd_wrapper.xsa
TRACE::2022-10-19.19:18:48::SCWPlatform::DSA directory D:/FPGA/MicroBlaze_Fnd/MicroBlaze_Fnd.vitis/design_MicroBlaze_Fnd_wrapper/hw
TRACE::2022-10-19.19:18:48::SCWPlatform:: Platform Path D:/FPGA/MicroBlaze_Fnd/MicroBlaze_Fnd.vitis/design_MicroBlaze_Fnd_wrapper/hw/design_MicroBlaze_Fnd_wrapper.xsa
TRACE::2022-10-19.19:18:48::SCWPlatform:: Unique name xilinx:basys3::0.0
TRACE::2022-10-19.19:18:48::SCWPlatform::Trying to set the existing hwdb with name design_MicroBlaze_Fnd_wrapper_0
TRACE::2022-10-19.19:18:48::SCWPlatform::Opened existing hwdb design_MicroBlaze_Fnd_wrapper_0
TRACE::2022-10-19.19:18:48::SCWPlatform::Found the Hw Db part of the input DSA
TRACE::2022-10-19.19:18:48::SCWPlatform::Trying to open the hw design at D:/FPGA/MicroBlaze_Fnd/MicroBlaze_Fnd.vitis/design_MicroBlaze_Fnd_wrapper/hw/design_MicroBlaze_Fnd_wrapper.xsa
TRACE::2022-10-19.19:18:48::SCWPlatform::DSA given D:/FPGA/MicroBlaze_Fnd/MicroBlaze_Fnd.vitis/design_MicroBlaze_Fnd_wrapper/hw/design_MicroBlaze_Fnd_wrapper.xsa
TRACE::2022-10-19.19:18:48::SCWPlatform::DSA absoulate path D:/FPGA/MicroBlaze_Fnd/MicroBlaze_Fnd.vitis/design_MicroBlaze_Fnd_wrapper/hw/design_MicroBlaze_Fnd_wrapper.xsa
TRACE::2022-10-19.19:18:48::SCWPlatform::DSA directory D:/FPGA/MicroBlaze_Fnd/MicroBlaze_Fnd.vitis/design_MicroBlaze_Fnd_wrapper/hw
TRACE::2022-10-19.19:18:48::SCWPlatform:: Platform Path D:/FPGA/MicroBlaze_Fnd/MicroBlaze_Fnd.vitis/design_MicroBlaze_Fnd_wrapper/hw/design_MicroBlaze_Fnd_wrapper.xsa
TRACE::2022-10-19.19:18:48::SCWPlatform:: Unique name xilinx:basys3::0.0
TRACE::2022-10-19.19:18:48::SCWPlatform::Trying to set the existing hwdb with name design_MicroBlaze_Fnd_wrapper_0
TRACE::2022-10-19.19:18:48::SCWPlatform::Opened existing hwdb design_MicroBlaze_Fnd_wrapper_0
TRACE::2022-10-19.19:18:48::SCWPlatform::Found the Hw Db part of the input DSA
TRACE::2022-10-19.19:18:48::SCWMssOS::Checking the sw design at  D:/FPGA/MicroBlaze_Fnd/MicroBlaze_Fnd.vitis/design_MicroBlaze_Fnd_wrapper/microblaze_0/domain_microblaze_0/bsp/system.mss
TRACE::2022-10-19.19:18:48::SCWMssOS::DEBUG:  swdes dump  
TRACE::2022-10-19.19:18:48::SCWMssOS::No sw design opened at  D:/FPGA/MicroBlaze_Fnd/MicroBlaze_Fnd.vitis/design_MicroBlaze_Fnd_wrapper/microblaze_0/domain_microblaze_0/bsp/system.mss
TRACE::2022-10-19.19:18:48::SCWMssOS::mss does not exists at D:/FPGA/MicroBlaze_Fnd/MicroBlaze_Fnd.vitis/design_MicroBlaze_Fnd_wrapper/microblaze_0/domain_microblaze_0/bsp/system.mss
TRACE::2022-10-19.19:18:48::SCWMssOS::Creating sw design at  D:/FPGA/MicroBlaze_Fnd/MicroBlaze_Fnd.vitis/design_MicroBlaze_Fnd_wrapper/microblaze_0/domain_microblaze_0/bsp/system.mss
TRACE::2022-10-19.19:18:48::SCWMssOS::Adding the swdes entry, created swdb D:/FPGA/MicroBlaze_Fnd/MicroBlaze_Fnd.vitis/design_MicroBlaze_Fnd_wrapper/microblaze_0/domain_microblaze_0/bsp/system.mss with des name D:/FPGA/MicroBlaze_Fnd/MicroBlaze_Fnd.vitis/design_MicroBlaze_Fnd_wrapper/microblaze_0/domain_microblaze_0/bsp/system.mss
TRACE::2022-10-19.19:18:48::SCWMssOS::updating the scw layer changes to swdes at   D:/FPGA/MicroBlaze_Fnd/MicroBlaze_Fnd.vitis/design_MicroBlaze_Fnd_wrapper/microblaze_0/domain_microblaze_0/bsp/system.mss
TRACE::2022-10-19.19:18:48::SCWMssOS::Writing mss at D:/FPGA/MicroBlaze_Fnd/MicroBlaze_Fnd.vitis/design_MicroBlaze_Fnd_wrapper/microblaze_0/domain_microblaze_0/bsp/system.mss
TRACE::2022-10-19.19:18:48::SCWMssOS::Completed writing the mss file at D:/FPGA/MicroBlaze_Fnd/MicroBlaze_Fnd.vitis/design_MicroBlaze_Fnd_wrapper/microblaze_0/domain_microblaze_0/bsp
TRACE::2022-10-19.19:18:48::SCWMssOS::Picking up changes from newly written mss file into SCW Layer. 
TRACE::2022-10-19.19:18:49::SCWMssOS::Updated the changes from newly written mss file into SCW Layer. 
TRACE::2022-10-19.19:18:49::SCWMssOS::Completed writing the mss file at D:/FPGA/MicroBlaze_Fnd/MicroBlaze_Fnd.vitis/design_MicroBlaze_Fnd_wrapper/microblaze_0/domain_microblaze_0/bsp
TRACE::2022-10-19.19:18:49::SCWMssOS::Forcing BSP Sources regeneration.
TRACE::2022-10-19.19:18:52::SCWMssOS::Saving the mss changes D:/FPGA/MicroBlaze_Fnd/MicroBlaze_Fnd.vitis/design_MicroBlaze_Fnd_wrapper/microblaze_0/domain_microblaze_0/bsp/system.mss
TRACE::2022-10-19.19:18:52::SCWMssOS::Found a swdesign opened with the mssfile.
TRACE::2022-10-19.19:18:52::SCWMssOS::Running validate of swdbs.
KEYINFO::2022-10-19.19:18:52::SCWMssOS::Could not open the swdb for D:/FPGA/MicroBlaze_Fnd/MicroBlaze_Fnd.vitis/design_MicroBlaze_Fnd_wrapper/microblaze_0/domain_microblaze_0/bsp/system.mss
KEYINFO::2022-10-19.19:18:52::SCWMssOS::Could not open the sw design at  D:/FPGA/MicroBlaze_Fnd/MicroBlaze_Fnd.vitis/design_MicroBlaze_Fnd_wrapper/microblaze_0/domain_microblaze_0/bsp/system.mss
ERROR: [Hsi 55-1558] Software Design D:/FPGA/MicroBlaze_Fnd/MicroBlaze_Fnd.vitis/design_MicroBlaze_Fnd_wrapper/microblaze_0/domain_microblaze_0/bsp/system.mss is not found

TRACE::2022-10-19.19:18:52::SCWMssOS::Cleared the swdb table entry
TRACE::2022-10-19.19:18:52::SCWMssOS::Adding the swdes entry, mss present, able to open swdb D:/FPGA/MicroBlaze_Fnd/MicroBlaze_Fnd.vitis/design_MicroBlaze_Fnd_wrapper/microblaze_0/domain_microblaze_0/bsp/system.mss with des name system
TRACE::2022-10-19.19:18:52::SCWMssOS::Writing the mss file completed D:/FPGA/MicroBlaze_Fnd/MicroBlaze_Fnd.vitis/design_MicroBlaze_Fnd_wrapper/microblaze_0/domain_microblaze_0/bsp/system.mss
TRACE::2022-10-19.19:18:52::SCWMssOS::Commit changes completed.
TRACE::2022-10-19.19:18:52::SCWPlatform::Trying to open the hw design at D:/FPGA/MicroBlaze_Fnd/MicroBlaze_Fnd.vitis/design_MicroBlaze_Fnd_wrapper/hw/design_MicroBlaze_Fnd_wrapper.xsa
TRACE::2022-10-19.19:18:52::SCWPlatform::DSA given D:/FPGA/MicroBlaze_Fnd/MicroBlaze_Fnd.vitis/design_MicroBlaze_Fnd_wrapper/hw/design_MicroBlaze_Fnd_wrapper.xsa
TRACE::2022-10-19.19:18:52::SCWPlatform::DSA absoulate path D:/FPGA/MicroBlaze_Fnd/MicroBlaze_Fnd.vitis/design_MicroBlaze_Fnd_wrapper/hw/design_MicroBlaze_Fnd_wrapper.xsa
TRACE::2022-10-19.19:18:52::SCWPlatform::DSA directory D:/FPGA/MicroBlaze_Fnd/MicroBlaze_Fnd.vitis/design_MicroBlaze_Fnd_wrapper/hw
TRACE::2022-10-19.19:18:52::SCWPlatform:: Platform Path D:/FPGA/MicroBlaze_Fnd/MicroBlaze_Fnd.vitis/design_MicroBlaze_Fnd_wrapper/hw/design_MicroBlaze_Fnd_wrapper.xsa
TRACE::2022-10-19.19:18:52::SCWPlatform:: Unique name xilinx:basys3::0.0
TRACE::2022-10-19.19:18:52::SCWPlatform::Trying to set the existing hwdb with name design_MicroBlaze_Fnd_wrapper_0
TRACE::2022-10-19.19:18:52::SCWPlatform::Opened existing hwdb design_MicroBlaze_Fnd_wrapper_0
TRACE::2022-10-19.19:18:52::SCWPlatform::Found the Hw Db part of the input DSA
TRACE::2022-10-19.19:18:52::SCWMssOS::Checking the sw design at  D:/FPGA/MicroBlaze_Fnd/MicroBlaze_Fnd.vitis/design_MicroBlaze_Fnd_wrapper/microblaze_0/domain_microblaze_0/bsp/system.mss
TRACE::2022-10-19.19:18:52::SCWMssOS::DEBUG:  swdes dump  D:/FPGA/MicroBlaze_Fnd/MicroBlaze_Fnd.vitis/design_MicroBlaze_Fnd_wrapper/microblaze_0/domain_microblaze_0/bsp/system.mss|system||

TRACE::2022-10-19.19:18:52::SCWMssOS::Sw design exists and opened at  D:/FPGA/MicroBlaze_Fnd/MicroBlaze_Fnd.vitis/design_MicroBlaze_Fnd_wrapper/microblaze_0/domain_microblaze_0/bsp/system.mss
TRACE::2022-10-19.19:18:52::SCWPlatform::Trying to open the hw design at D:/FPGA/MicroBlaze_Fnd/MicroBlaze_Fnd.vitis/design_MicroBlaze_Fnd_wrapper/hw/design_MicroBlaze_Fnd_wrapper.xsa
TRACE::2022-10-19.19:18:52::SCWPlatform::DSA given D:/FPGA/MicroBlaze_Fnd/MicroBlaze_Fnd.vitis/design_MicroBlaze_Fnd_wrapper/hw/design_MicroBlaze_Fnd_wrapper.xsa
TRACE::2022-10-19.19:18:52::SCWPlatform::DSA absoulate path D:/FPGA/MicroBlaze_Fnd/MicroBlaze_Fnd.vitis/design_MicroBlaze_Fnd_wrapper/hw/design_MicroBlaze_Fnd_wrapper.xsa
TRACE::2022-10-19.19:18:52::SCWPlatform::DSA directory D:/FPGA/MicroBlaze_Fnd/MicroBlaze_Fnd.vitis/design_MicroBlaze_Fnd_wrapper/hw
TRACE::2022-10-19.19:18:52::SCWPlatform:: Platform Path D:/FPGA/MicroBlaze_Fnd/MicroBlaze_Fnd.vitis/design_MicroBlaze_Fnd_wrapper/hw/design_MicroBlaze_Fnd_wrapper.xsa
TRACE::2022-10-19.19:18:52::SCWPlatform:: Unique name xilinx:basys3::0.0
TRACE::2022-10-19.19:18:52::SCWPlatform::Trying to set the existing hwdb with name design_MicroBlaze_Fnd_wrapper_0
TRACE::2022-10-19.19:18:52::SCWPlatform::Opened existing hwdb design_MicroBlaze_Fnd_wrapper_0
TRACE::2022-10-19.19:18:52::SCWPlatform::Found the Hw Db part of the input DSA
TRACE::2022-10-19.19:18:52::SCWMssOS::Checking the sw design at  D:/FPGA/MicroBlaze_Fnd/MicroBlaze_Fnd.vitis/design_MicroBlaze_Fnd_wrapper/microblaze_0/domain_microblaze_0/bsp/system.mss
TRACE::2022-10-19.19:18:52::SCWMssOS::DEBUG:  swdes dump  D:/FPGA/MicroBlaze_Fnd/MicroBlaze_Fnd.vitis/design_MicroBlaze_Fnd_wrapper/microblaze_0/domain_microblaze_0/bsp/system.mss|system||

TRACE::2022-10-19.19:18:52::SCWMssOS::Sw design exists and opened at  D:/FPGA/MicroBlaze_Fnd/MicroBlaze_Fnd.vitis/design_MicroBlaze_Fnd_wrapper/microblaze_0/domain_microblaze_0/bsp/system.mss
TRACE::2022-10-19.19:18:52::SCWPlatform::Trying to open the hw design at D:/FPGA/MicroBlaze_Fnd/MicroBlaze_Fnd.vitis/design_MicroBlaze_Fnd_wrapper/hw/design_MicroBlaze_Fnd_wrapper.xsa
TRACE::2022-10-19.19:18:52::SCWPlatform::DSA given D:/FPGA/MicroBlaze_Fnd/MicroBlaze_Fnd.vitis/design_MicroBlaze_Fnd_wrapper/hw/design_MicroBlaze_Fnd_wrapper.xsa
TRACE::2022-10-19.19:18:52::SCWPlatform::DSA absoulate path D:/FPGA/MicroBlaze_Fnd/MicroBlaze_Fnd.vitis/design_MicroBlaze_Fnd_wrapper/hw/design_MicroBlaze_Fnd_wrapper.xsa
TRACE::2022-10-19.19:18:52::SCWPlatform::DSA directory D:/FPGA/MicroBlaze_Fnd/MicroBlaze_Fnd.vitis/design_MicroBlaze_Fnd_wrapper/hw
TRACE::2022-10-19.19:18:52::SCWPlatform:: Platform Path D:/FPGA/MicroBlaze_Fnd/MicroBlaze_Fnd.vitis/design_MicroBlaze_Fnd_wrapper/hw/design_MicroBlaze_Fnd_wrapper.xsa
TRACE::2022-10-19.19:18:52::SCWPlatform:: Unique name xilinx:basys3::0.0
TRACE::2022-10-19.19:18:52::SCWPlatform::Trying to set the existing hwdb with name design_MicroBlaze_Fnd_wrapper_0
TRACE::2022-10-19.19:18:52::SCWPlatform::Opened existing hwdb design_MicroBlaze_Fnd_wrapper_0
TRACE::2022-10-19.19:18:52::SCWPlatform::Found the Hw Db part of the input DSA
TRACE::2022-10-19.19:18:52::SCWMssOS::Checking the sw design at  D:/FPGA/MicroBlaze_Fnd/MicroBlaze_Fnd.vitis/design_MicroBlaze_Fnd_wrapper/microblaze_0/domain_microblaze_0/bsp/system.mss
TRACE::2022-10-19.19:18:52::SCWMssOS::DEBUG:  swdes dump  D:/FPGA/MicroBlaze_Fnd/MicroBlaze_Fnd.vitis/design_MicroBlaze_Fnd_wrapper/microblaze_0/domain_microblaze_0/bsp/system.mss|system||

TRACE::2022-10-19.19:18:52::SCWMssOS::Sw design exists and opened at  D:/FPGA/MicroBlaze_Fnd/MicroBlaze_Fnd.vitis/design_MicroBlaze_Fnd_wrapper/microblaze_0/domain_microblaze_0/bsp/system.mss
TRACE::2022-10-19.19:18:52::SCWWriter::formatted JSON is {
	"platformName":	"design_MicroBlaze_Fnd_wrapper",
	"sprVersion":	"2.0",
	"mode":	"gui",
	"dsaType":	"Fixed",
	"platformDesc":	"design_MicroBlaze_Fnd_wrapper",
	"platHandOff":	"D:/FPGA/MicroBlaze_Fnd/design_MicroBlaze_Fnd_wrapper.xsa",
	"platIntHandOff":	"<platformDir>/hw/design_MicroBlaze_Fnd_wrapper.xsa",
	"deviceType":	"FPGA",
	"platIsPrebuiltAutogen":	"false",
	"platIsNoBootBsp":	"false",
	"hasFsblMakeHasChanges":	"false",
	"hasPmufwMakeHasChanges":	"false",
	"platPreBuiltFlag":	false,
	"platformSamplesDir":	"",
	"platActiveSys":	"design_MicroBlaze_Fnd_wrapper",
	"systems":	[{
			"systemName":	"design_MicroBlaze_Fnd_wrapper",
			"systemDesc":	"design_MicroBlaze_Fnd_wrapper",
			"sysIsBootAutoGen":	"true",
			"systemDispName":	"design_MicroBlaze_Fnd_wrapper",
			"sysActiveDom":	"domain_microblaze_0",
			"sysDefaultDom":	"domain_microblaze_0",
			"domains":	[{
					"domainName":	"domain_microblaze_0",
					"domainDispName":	"domain_microblaze_0",
					"domainDesc":	"domain_microblaze_0",
					"processors":	"microblaze_0",
					"os":	"standalone",
					"sdxOs":	"standalone",
					"debugEnable":	"False",
					"domRuntimes":	["cpp"],
					"swRepo":	"",
					"mssOsVer":	"7.2",
					"mssFile":	"",
					"md5Digest":	"8a010f0f922b4d01eef4d65ac0a6c71f",
					"compatibleApp":	"hello_world",
					"domType":	"mssDomain",
					"arch":	"32-bit",
					"appSettings":	{
						"appCompilerFlags":	"",
						"appLinkerFlags":	""
					},
					"addedLibs":	[],
					"libOptions":	{
						"libsContainingOptions":	[]
					},
					"prebuiltLibs":	{
						"prebuiltIncPath":	[],
						"prebuiltLibPath":	[]
					},
					"isolation":	{
					}
				}]
		}]
}
LOG::2022-10-19.19:18:52::SCWPlatform::Started generating the artifacts platform design_MicroBlaze_Fnd_wrapper
TRACE::2022-10-19.19:18:52::SCWPlatform::Sanity checking of platform is completed
LOG::2022-10-19.19:18:52::SCWPlatform::Started generating the artifacts for system configuration design_MicroBlaze_Fnd_wrapper
LOG::2022-10-19.19:18:52::SCWSystem::Checking the domain domain_microblaze_0
LOG::2022-10-19.19:18:52::SCWSystem::Not a boot domain 
LOG::2022-10-19.19:18:52::SCWSystem::Started Processing the domain domain_microblaze_0
TRACE::2022-10-19.19:18:52::SCWDomain::Generating domain artifcats
TRACE::2022-10-19.19:18:52::SCWMssOS::Generating standalone artifcats
TRACE::2022-10-19.19:18:52::SCWMssOS:: Copying the user libraries. 
TRACE::2022-10-19.19:18:52::SCWPlatform::Trying to open the hw design at D:/FPGA/MicroBlaze_Fnd/MicroBlaze_Fnd.vitis/design_MicroBlaze_Fnd_wrapper/hw/design_MicroBlaze_Fnd_wrapper.xsa
TRACE::2022-10-19.19:18:52::SCWPlatform::DSA given D:/FPGA/MicroBlaze_Fnd/MicroBlaze_Fnd.vitis/design_MicroBlaze_Fnd_wrapper/hw/design_MicroBlaze_Fnd_wrapper.xsa
TRACE::2022-10-19.19:18:52::SCWPlatform::DSA absoulate path D:/FPGA/MicroBlaze_Fnd/MicroBlaze_Fnd.vitis/design_MicroBlaze_Fnd_wrapper/hw/design_MicroBlaze_Fnd_wrapper.xsa
TRACE::2022-10-19.19:18:52::SCWPlatform::DSA directory D:/FPGA/MicroBlaze_Fnd/MicroBlaze_Fnd.vitis/design_MicroBlaze_Fnd_wrapper/hw
TRACE::2022-10-19.19:18:52::SCWPlatform:: Platform Path D:/FPGA/MicroBlaze_Fnd/MicroBlaze_Fnd.vitis/design_MicroBlaze_Fnd_wrapper/hw/design_MicroBlaze_Fnd_wrapper.xsa
TRACE::2022-10-19.19:18:52::SCWPlatform:: Unique name xilinx:basys3::0.0
TRACE::2022-10-19.19:18:52::SCWPlatform::Trying to set the existing hwdb with name design_MicroBlaze_Fnd_wrapper_0
TRACE::2022-10-19.19:18:52::SCWPlatform::Opened existing hwdb design_MicroBlaze_Fnd_wrapper_0
TRACE::2022-10-19.19:18:52::SCWPlatform::Found the Hw Db part of the input DSA
TRACE::2022-10-19.19:18:52::SCWMssOS::Checking the sw design at  D:/FPGA/MicroBlaze_Fnd/MicroBlaze_Fnd.vitis/design_MicroBlaze_Fnd_wrapper/microblaze_0/domain_microblaze_0/bsp/system.mss
TRACE::2022-10-19.19:18:52::SCWMssOS::DEBUG:  swdes dump  D:/FPGA/MicroBlaze_Fnd/MicroBlaze_Fnd.vitis/design_MicroBlaze_Fnd_wrapper/microblaze_0/domain_microblaze_0/bsp/system.mss|system||

TRACE::2022-10-19.19:18:52::SCWMssOS::Sw design exists and opened at  D:/FPGA/MicroBlaze_Fnd/MicroBlaze_Fnd.vitis/design_MicroBlaze_Fnd_wrapper/microblaze_0/domain_microblaze_0/bsp/system.mss
TRACE::2022-10-19.19:18:52::SCWMssOS::Completed writing the mss file at D:/FPGA/MicroBlaze_Fnd/MicroBlaze_Fnd.vitis/design_MicroBlaze_Fnd_wrapper/microblaze_0/domain_microblaze_0/bsp
TRACE::2022-10-19.19:18:52::SCWMssOS::Mss edits present, copying mssfile into export location D:/FPGA/MicroBlaze_Fnd/MicroBlaze_Fnd.vitis/design_MicroBlaze_Fnd_wrapper/microblaze_0/domain_microblaze_0/bsp/system.mss
TRACE::2022-10-19.19:18:52::SCWMssOS::bsp generated is upto date with the mss file. Skipping bsp generation.
TRACE::2022-10-19.19:18:52::SCWMssOS::BSP is already built. skipping the bsp build ... 
TRACE::2022-10-19.19:18:52::SCWDomain::Skipping the build for domain :  domain_microblaze_0
TRACE::2022-10-19.19:18:52::SCWMssOS::skipping the bsp build ... 
TRACE::2022-10-19.19:18:52::SCWMssOS::Copying to export directory.
TRACE::2022-10-19.19:18:52::SCWMssOS:: Checking if to create the Supporting Applications
TRACE::2022-10-19.19:18:52::SCWMssOS:: No Linux domain exists, trying to generate FSBL 
LOG::2022-10-19.19:18:52::SCWSystem::Completed Processing the domain domain_microblaze_0
LOG::2022-10-19.19:18:52::SCWSystem::Completed Processing the sysconfig design_MicroBlaze_Fnd_wrapper
LOG::2022-10-19.19:18:52::SCWPlatform::Completed generating the artifacts for system configuration design_MicroBlaze_Fnd_wrapper
TRACE::2022-10-19.19:18:52::SCWPlatform::Started preparing the platform 
TRACE::2022-10-19.19:18:52::SCWSystem::Writing the bif file for system config design_MicroBlaze_Fnd_wrapper
TRACE::2022-10-19.19:18:52::SCWSystem::dir created 
TRACE::2022-10-19.19:18:52::SCWSystem::Writing the bif 
TRACE::2022-10-19.19:18:52::SCWPlatform::Started writing the spfm file 
TRACE::2022-10-19.19:18:52::SCWPlatform::Started writing the xpfm file 
TRACE::2022-10-19.19:18:52::SCWPlatform::Completed generating the platform
TRACE::2022-10-19.19:18:52::SCWMssOS::Saving the mss changes D:/FPGA/MicroBlaze_Fnd/MicroBlaze_Fnd.vitis/design_MicroBlaze_Fnd_wrapper/microblaze_0/domain_microblaze_0/bsp/system.mss
TRACE::2022-10-19.19:18:52::SCWMssOS::Found a swdesign opened with the mssfile.
TRACE::2022-10-19.19:18:52::SCWMssOS::Completed writemss as part of save.
TRACE::2022-10-19.19:18:52::SCWMssOS::Commit changes completed.
TRACE::2022-10-19.19:18:52::SCWPlatform::Trying to open the hw design at D:/FPGA/MicroBlaze_Fnd/MicroBlaze_Fnd.vitis/design_MicroBlaze_Fnd_wrapper/hw/design_MicroBlaze_Fnd_wrapper.xsa
TRACE::2022-10-19.19:18:52::SCWPlatform::DSA given D:/FPGA/MicroBlaze_Fnd/MicroBlaze_Fnd.vitis/design_MicroBlaze_Fnd_wrapper/hw/design_MicroBlaze_Fnd_wrapper.xsa
TRACE::2022-10-19.19:18:52::SCWPlatform::DSA absoulate path D:/FPGA/MicroBlaze_Fnd/MicroBlaze_Fnd.vitis/design_MicroBlaze_Fnd_wrapper/hw/design_MicroBlaze_Fnd_wrapper.xsa
TRACE::2022-10-19.19:18:52::SCWPlatform::DSA directory D:/FPGA/MicroBlaze_Fnd/MicroBlaze_Fnd.vitis/design_MicroBlaze_Fnd_wrapper/hw
TRACE::2022-10-19.19:18:52::SCWPlatform:: Platform Path D:/FPGA/MicroBlaze_Fnd/MicroBlaze_Fnd.vitis/design_MicroBlaze_Fnd_wrapper/hw/design_MicroBlaze_Fnd_wrapper.xsa
TRACE::2022-10-19.19:18:52::SCWPlatform:: Unique name xilinx:basys3::0.0
TRACE::2022-10-19.19:18:52::SCWPlatform::Trying to set the existing hwdb with name design_MicroBlaze_Fnd_wrapper_0
TRACE::2022-10-19.19:18:52::SCWPlatform::Opened existing hwdb design_MicroBlaze_Fnd_wrapper_0
TRACE::2022-10-19.19:18:52::SCWPlatform::Found the Hw Db part of the input DSA
TRACE::2022-10-19.19:18:52::SCWMssOS::Checking the sw design at  D:/FPGA/MicroBlaze_Fnd/MicroBlaze_Fnd.vitis/design_MicroBlaze_Fnd_wrapper/microblaze_0/domain_microblaze_0/bsp/system.mss
TRACE::2022-10-19.19:18:52::SCWMssOS::DEBUG:  swdes dump  D:/FPGA/MicroBlaze_Fnd/MicroBlaze_Fnd.vitis/design_MicroBlaze_Fnd_wrapper/microblaze_0/domain_microblaze_0/bsp/system.mss|system||

TRACE::2022-10-19.19:18:52::SCWMssOS::Sw design exists and opened at  D:/FPGA/MicroBlaze_Fnd/MicroBlaze_Fnd.vitis/design_MicroBlaze_Fnd_wrapper/microblaze_0/domain_microblaze_0/bsp/system.mss
TRACE::2022-10-19.19:18:52::SCWPlatform::Trying to open the hw design at D:/FPGA/MicroBlaze_Fnd/MicroBlaze_Fnd.vitis/design_MicroBlaze_Fnd_wrapper/hw/design_MicroBlaze_Fnd_wrapper.xsa
TRACE::2022-10-19.19:18:52::SCWPlatform::DSA given D:/FPGA/MicroBlaze_Fnd/MicroBlaze_Fnd.vitis/design_MicroBlaze_Fnd_wrapper/hw/design_MicroBlaze_Fnd_wrapper.xsa
TRACE::2022-10-19.19:18:52::SCWPlatform::DSA absoulate path D:/FPGA/MicroBlaze_Fnd/MicroBlaze_Fnd.vitis/design_MicroBlaze_Fnd_wrapper/hw/design_MicroBlaze_Fnd_wrapper.xsa
TRACE::2022-10-19.19:18:52::SCWPlatform::DSA directory D:/FPGA/MicroBlaze_Fnd/MicroBlaze_Fnd.vitis/design_MicroBlaze_Fnd_wrapper/hw
TRACE::2022-10-19.19:18:52::SCWPlatform:: Platform Path D:/FPGA/MicroBlaze_Fnd/MicroBlaze_Fnd.vitis/design_MicroBlaze_Fnd_wrapper/hw/design_MicroBlaze_Fnd_wrapper.xsa
TRACE::2022-10-19.19:18:52::SCWPlatform:: Unique name xilinx:basys3::0.0
TRACE::2022-10-19.19:18:52::SCWPlatform::Trying to set the existing hwdb with name design_MicroBlaze_Fnd_wrapper_0
TRACE::2022-10-19.19:18:52::SCWPlatform::Opened existing hwdb design_MicroBlaze_Fnd_wrapper_0
TRACE::2022-10-19.19:18:52::SCWPlatform::Found the Hw Db part of the input DSA
TRACE::2022-10-19.19:18:52::SCWMssOS::Checking the sw design at  D:/FPGA/MicroBlaze_Fnd/MicroBlaze_Fnd.vitis/design_MicroBlaze_Fnd_wrapper/microblaze_0/domain_microblaze_0/bsp/system.mss
TRACE::2022-10-19.19:18:52::SCWMssOS::DEBUG:  swdes dump  D:/FPGA/MicroBlaze_Fnd/MicroBlaze_Fnd.vitis/design_MicroBlaze_Fnd_wrapper/microblaze_0/domain_microblaze_0/bsp/system.mss|system||

TRACE::2022-10-19.19:18:52::SCWMssOS::Sw design exists and opened at  D:/FPGA/MicroBlaze_Fnd/MicroBlaze_Fnd.vitis/design_MicroBlaze_Fnd_wrapper/microblaze_0/domain_microblaze_0/bsp/system.mss
TRACE::2022-10-19.19:18:52::SCWPlatform::Trying to open the hw design at D:/FPGA/MicroBlaze_Fnd/MicroBlaze_Fnd.vitis/design_MicroBlaze_Fnd_wrapper/hw/design_MicroBlaze_Fnd_wrapper.xsa
TRACE::2022-10-19.19:18:52::SCWPlatform::DSA given D:/FPGA/MicroBlaze_Fnd/MicroBlaze_Fnd.vitis/design_MicroBlaze_Fnd_wrapper/hw/design_MicroBlaze_Fnd_wrapper.xsa
TRACE::2022-10-19.19:18:52::SCWPlatform::DSA absoulate path D:/FPGA/MicroBlaze_Fnd/MicroBlaze_Fnd.vitis/design_MicroBlaze_Fnd_wrapper/hw/design_MicroBlaze_Fnd_wrapper.xsa
TRACE::2022-10-19.19:18:52::SCWPlatform::DSA directory D:/FPGA/MicroBlaze_Fnd/MicroBlaze_Fnd.vitis/design_MicroBlaze_Fnd_wrapper/hw
TRACE::2022-10-19.19:18:52::SCWPlatform:: Platform Path D:/FPGA/MicroBlaze_Fnd/MicroBlaze_Fnd.vitis/design_MicroBlaze_Fnd_wrapper/hw/design_MicroBlaze_Fnd_wrapper.xsa
TRACE::2022-10-19.19:18:52::SCWPlatform:: Unique name xilinx:basys3::0.0
TRACE::2022-10-19.19:18:52::SCWPlatform::Trying to set the existing hwdb with name design_MicroBlaze_Fnd_wrapper_0
TRACE::2022-10-19.19:18:52::SCWPlatform::Opened existing hwdb design_MicroBlaze_Fnd_wrapper_0
TRACE::2022-10-19.19:18:52::SCWPlatform::Found the Hw Db part of the input DSA
TRACE::2022-10-19.19:18:52::SCWMssOS::Checking the sw design at  D:/FPGA/MicroBlaze_Fnd/MicroBlaze_Fnd.vitis/design_MicroBlaze_Fnd_wrapper/microblaze_0/domain_microblaze_0/bsp/system.mss
TRACE::2022-10-19.19:18:52::SCWMssOS::DEBUG:  swdes dump  D:/FPGA/MicroBlaze_Fnd/MicroBlaze_Fnd.vitis/design_MicroBlaze_Fnd_wrapper/microblaze_0/domain_microblaze_0/bsp/system.mss|system||

TRACE::2022-10-19.19:18:52::SCWMssOS::Sw design exists and opened at  D:/FPGA/MicroBlaze_Fnd/MicroBlaze_Fnd.vitis/design_MicroBlaze_Fnd_wrapper/microblaze_0/domain_microblaze_0/bsp/system.mss
TRACE::2022-10-19.19:18:52::SCWWriter::formatted JSON is {
	"platformName":	"design_MicroBlaze_Fnd_wrapper",
	"sprVersion":	"2.0",
	"mode":	"gui",
	"dsaType":	"Fixed",
	"platformDesc":	"design_MicroBlaze_Fnd_wrapper",
	"platHandOff":	"D:/FPGA/MicroBlaze_Fnd/design_MicroBlaze_Fnd_wrapper.xsa",
	"platIntHandOff":	"<platformDir>/hw/design_MicroBlaze_Fnd_wrapper.xsa",
	"deviceType":	"FPGA",
	"platIsPrebuiltAutogen":	"false",
	"platIsNoBootBsp":	"false",
	"hasFsblMakeHasChanges":	"false",
	"hasPmufwMakeHasChanges":	"false",
	"platPreBuiltFlag":	false,
	"platformSamplesDir":	"",
	"platActiveSys":	"design_MicroBlaze_Fnd_wrapper",
	"systems":	[{
			"systemName":	"design_MicroBlaze_Fnd_wrapper",
			"systemDesc":	"design_MicroBlaze_Fnd_wrapper",
			"sysIsBootAutoGen":	"true",
			"systemDispName":	"design_MicroBlaze_Fnd_wrapper",
			"sysActiveDom":	"domain_microblaze_0",
			"sysDefaultDom":	"domain_microblaze_0",
			"domains":	[{
					"domainName":	"domain_microblaze_0",
					"domainDispName":	"domain_microblaze_0",
					"domainDesc":	"domain_microblaze_0",
					"processors":	"microblaze_0",
					"os":	"standalone",
					"sdxOs":	"standalone",
					"debugEnable":	"False",
					"domRuntimes":	["cpp"],
					"swRepo":	"",
					"mssOsVer":	"7.2",
					"mssFile":	"",
					"md5Digest":	"8a010f0f922b4d01eef4d65ac0a6c71f",
					"compatibleApp":	"hello_world",
					"domType":	"mssDomain",
					"arch":	"32-bit",
					"appSettings":	{
						"appCompilerFlags":	"",
						"appLinkerFlags":	""
					},
					"addedLibs":	[],
					"libOptions":	{
						"libsContainingOptions":	[]
					},
					"prebuiltLibs":	{
						"prebuiltIncPath":	[],
						"prebuiltLibPath":	[]
					},
					"isolation":	{
					}
				}]
		}]
}
KEYINFO::2022-10-19.19:18:52::SCWPlatform::updated the xpfm file.
TRACE::2022-10-19.19:18:52::SCWPlatform::Trying to open the hw design at D:/FPGA/MicroBlaze_Fnd/MicroBlaze_Fnd.vitis/design_MicroBlaze_Fnd_wrapper/hw/design_MicroBlaze_Fnd_wrapper.xsa
TRACE::2022-10-19.19:18:52::SCWPlatform::DSA given D:/FPGA/MicroBlaze_Fnd/MicroBlaze_Fnd.vitis/design_MicroBlaze_Fnd_wrapper/hw/design_MicroBlaze_Fnd_wrapper.xsa
TRACE::2022-10-19.19:18:52::SCWPlatform::DSA absoulate path D:/FPGA/MicroBlaze_Fnd/MicroBlaze_Fnd.vitis/design_MicroBlaze_Fnd_wrapper/hw/design_MicroBlaze_Fnd_wrapper.xsa
TRACE::2022-10-19.19:18:52::SCWPlatform::DSA directory D:/FPGA/MicroBlaze_Fnd/MicroBlaze_Fnd.vitis/design_MicroBlaze_Fnd_wrapper/hw
TRACE::2022-10-19.19:18:52::SCWPlatform:: Platform Path D:/FPGA/MicroBlaze_Fnd/MicroBlaze_Fnd.vitis/design_MicroBlaze_Fnd_wrapper/hw/design_MicroBlaze_Fnd_wrapper.xsa
TRACE::2022-10-19.19:18:52::SCWPlatform:: Unique name xilinx:basys3::0.0
TRACE::2022-10-19.19:18:52::SCWPlatform::Trying to set the existing hwdb with name design_MicroBlaze_Fnd_wrapper_0
TRACE::2022-10-19.19:18:52::SCWPlatform::Opened existing hwdb design_MicroBlaze_Fnd_wrapper_0
TRACE::2022-10-19.19:18:52::SCWPlatform::Found the Hw Db part of the input DSA
TRACE::2022-10-19.19:18:52::SCWMssOS::Checking the sw design at  D:/FPGA/MicroBlaze_Fnd/MicroBlaze_Fnd.vitis/design_MicroBlaze_Fnd_wrapper/microblaze_0/domain_microblaze_0/bsp/system.mss
TRACE::2022-10-19.19:18:52::SCWMssOS::DEBUG:  swdes dump  D:/FPGA/MicroBlaze_Fnd/MicroBlaze_Fnd.vitis/design_MicroBlaze_Fnd_wrapper/microblaze_0/domain_microblaze_0/bsp/system.mss|system||

TRACE::2022-10-19.19:18:52::SCWMssOS::Sw design exists and opened at  D:/FPGA/MicroBlaze_Fnd/MicroBlaze_Fnd.vitis/design_MicroBlaze_Fnd_wrapper/microblaze_0/domain_microblaze_0/bsp/system.mss
TRACE::2022-10-19.19:18:52::SCWMssOS::Saving the mss changes D:/FPGA/MicroBlaze_Fnd/MicroBlaze_Fnd.vitis/design_MicroBlaze_Fnd_wrapper/microblaze_0/domain_microblaze_0/bsp/system.mss
TRACE::2022-10-19.19:18:52::SCWMssOS::Found a swdesign opened with the mssfile.
TRACE::2022-10-19.19:18:52::SCWMssOS::Completed writemss as part of save.
TRACE::2022-10-19.19:18:52::SCWMssOS::Commit changes completed.
TRACE::2022-10-19.19:18:52::SCWPlatform::Trying to open the hw design at D:/FPGA/MicroBlaze_Fnd/MicroBlaze_Fnd.vitis/design_MicroBlaze_Fnd_wrapper/hw/design_MicroBlaze_Fnd_wrapper.xsa
TRACE::2022-10-19.19:18:52::SCWPlatform::DSA given D:/FPGA/MicroBlaze_Fnd/MicroBlaze_Fnd.vitis/design_MicroBlaze_Fnd_wrapper/hw/design_MicroBlaze_Fnd_wrapper.xsa
TRACE::2022-10-19.19:18:52::SCWPlatform::DSA absoulate path D:/FPGA/MicroBlaze_Fnd/MicroBlaze_Fnd.vitis/design_MicroBlaze_Fnd_wrapper/hw/design_MicroBlaze_Fnd_wrapper.xsa
TRACE::2022-10-19.19:18:52::SCWPlatform::DSA directory D:/FPGA/MicroBlaze_Fnd/MicroBlaze_Fnd.vitis/design_MicroBlaze_Fnd_wrapper/hw
TRACE::2022-10-19.19:18:52::SCWPlatform:: Platform Path D:/FPGA/MicroBlaze_Fnd/MicroBlaze_Fnd.vitis/design_MicroBlaze_Fnd_wrapper/hw/design_MicroBlaze_Fnd_wrapper.xsa
TRACE::2022-10-19.19:18:52::SCWPlatform:: Unique name xilinx:basys3::0.0
TRACE::2022-10-19.19:18:52::SCWPlatform::Trying to set the existing hwdb with name design_MicroBlaze_Fnd_wrapper_0
TRACE::2022-10-19.19:18:52::SCWPlatform::Opened existing hwdb design_MicroBlaze_Fnd_wrapper_0
TRACE::2022-10-19.19:18:52::SCWPlatform::Found the Hw Db part of the input DSA
TRACE::2022-10-19.19:18:52::SCWMssOS::Checking the sw design at  D:/FPGA/MicroBlaze_Fnd/MicroBlaze_Fnd.vitis/design_MicroBlaze_Fnd_wrapper/microblaze_0/domain_microblaze_0/bsp/system.mss
TRACE::2022-10-19.19:18:52::SCWMssOS::DEBUG:  swdes dump  D:/FPGA/MicroBlaze_Fnd/MicroBlaze_Fnd.vitis/design_MicroBlaze_Fnd_wrapper/microblaze_0/domain_microblaze_0/bsp/system.mss|system||

TRACE::2022-10-19.19:18:52::SCWMssOS::Sw design exists and opened at  D:/FPGA/MicroBlaze_Fnd/MicroBlaze_Fnd.vitis/design_MicroBlaze_Fnd_wrapper/microblaze_0/domain_microblaze_0/bsp/system.mss
TRACE::2022-10-19.19:18:52::SCWPlatform::Trying to open the hw design at D:/FPGA/MicroBlaze_Fnd/MicroBlaze_Fnd.vitis/design_MicroBlaze_Fnd_wrapper/hw/design_MicroBlaze_Fnd_wrapper.xsa
TRACE::2022-10-19.19:18:52::SCWPlatform::DSA given D:/FPGA/MicroBlaze_Fnd/MicroBlaze_Fnd.vitis/design_MicroBlaze_Fnd_wrapper/hw/design_MicroBlaze_Fnd_wrapper.xsa
TRACE::2022-10-19.19:18:52::SCWPlatform::DSA absoulate path D:/FPGA/MicroBlaze_Fnd/MicroBlaze_Fnd.vitis/design_MicroBlaze_Fnd_wrapper/hw/design_MicroBlaze_Fnd_wrapper.xsa
TRACE::2022-10-19.19:18:52::SCWPlatform::DSA directory D:/FPGA/MicroBlaze_Fnd/MicroBlaze_Fnd.vitis/design_MicroBlaze_Fnd_wrapper/hw
TRACE::2022-10-19.19:18:52::SCWPlatform:: Platform Path D:/FPGA/MicroBlaze_Fnd/MicroBlaze_Fnd.vitis/design_MicroBlaze_Fnd_wrapper/hw/design_MicroBlaze_Fnd_wrapper.xsa
TRACE::2022-10-19.19:18:52::SCWPlatform:: Unique name xilinx:basys3::0.0
TRACE::2022-10-19.19:18:52::SCWPlatform::Trying to set the existing hwdb with name design_MicroBlaze_Fnd_wrapper_0
TRACE::2022-10-19.19:18:52::SCWPlatform::Opened existing hwdb design_MicroBlaze_Fnd_wrapper_0
TRACE::2022-10-19.19:18:52::SCWPlatform::Found the Hw Db part of the input DSA
TRACE::2022-10-19.19:18:52::SCWMssOS::Checking the sw design at  D:/FPGA/MicroBlaze_Fnd/MicroBlaze_Fnd.vitis/design_MicroBlaze_Fnd_wrapper/microblaze_0/domain_microblaze_0/bsp/system.mss
TRACE::2022-10-19.19:18:52::SCWMssOS::DEBUG:  swdes dump  D:/FPGA/MicroBlaze_Fnd/MicroBlaze_Fnd.vitis/design_MicroBlaze_Fnd_wrapper/microblaze_0/domain_microblaze_0/bsp/system.mss|system||

TRACE::2022-10-19.19:18:52::SCWMssOS::Sw design exists and opened at  D:/FPGA/MicroBlaze_Fnd/MicroBlaze_Fnd.vitis/design_MicroBlaze_Fnd_wrapper/microblaze_0/domain_microblaze_0/bsp/system.mss
TRACE::2022-10-19.19:18:52::SCWPlatform::Trying to open the hw design at D:/FPGA/MicroBlaze_Fnd/MicroBlaze_Fnd.vitis/design_MicroBlaze_Fnd_wrapper/hw/design_MicroBlaze_Fnd_wrapper.xsa
TRACE::2022-10-19.19:18:52::SCWPlatform::DSA given D:/FPGA/MicroBlaze_Fnd/MicroBlaze_Fnd.vitis/design_MicroBlaze_Fnd_wrapper/hw/design_MicroBlaze_Fnd_wrapper.xsa
TRACE::2022-10-19.19:18:52::SCWPlatform::DSA absoulate path D:/FPGA/MicroBlaze_Fnd/MicroBlaze_Fnd.vitis/design_MicroBlaze_Fnd_wrapper/hw/design_MicroBlaze_Fnd_wrapper.xsa
TRACE::2022-10-19.19:18:52::SCWPlatform::DSA directory D:/FPGA/MicroBlaze_Fnd/MicroBlaze_Fnd.vitis/design_MicroBlaze_Fnd_wrapper/hw
TRACE::2022-10-19.19:18:52::SCWPlatform:: Platform Path D:/FPGA/MicroBlaze_Fnd/MicroBlaze_Fnd.vitis/design_MicroBlaze_Fnd_wrapper/hw/design_MicroBlaze_Fnd_wrapper.xsa
TRACE::2022-10-19.19:18:52::SCWPlatform:: Unique name xilinx:basys3::0.0
TRACE::2022-10-19.19:18:52::SCWPlatform::Trying to set the existing hwdb with name design_MicroBlaze_Fnd_wrapper_0
TRACE::2022-10-19.19:18:52::SCWPlatform::Opened existing hwdb design_MicroBlaze_Fnd_wrapper_0
TRACE::2022-10-19.19:18:52::SCWPlatform::Found the Hw Db part of the input DSA
TRACE::2022-10-19.19:18:52::SCWMssOS::Checking the sw design at  D:/FPGA/MicroBlaze_Fnd/MicroBlaze_Fnd.vitis/design_MicroBlaze_Fnd_wrapper/microblaze_0/domain_microblaze_0/bsp/system.mss
TRACE::2022-10-19.19:18:52::SCWMssOS::DEBUG:  swdes dump  D:/FPGA/MicroBlaze_Fnd/MicroBlaze_Fnd.vitis/design_MicroBlaze_Fnd_wrapper/microblaze_0/domain_microblaze_0/bsp/system.mss|system||

TRACE::2022-10-19.19:18:52::SCWMssOS::Sw design exists and opened at  D:/FPGA/MicroBlaze_Fnd/MicroBlaze_Fnd.vitis/design_MicroBlaze_Fnd_wrapper/microblaze_0/domain_microblaze_0/bsp/system.mss
TRACE::2022-10-19.19:18:52::SCWWriter::formatted JSON is {
	"platformName":	"design_MicroBlaze_Fnd_wrapper",
	"sprVersion":	"2.0",
	"mode":	"gui",
	"dsaType":	"Fixed",
	"platformDesc":	"design_MicroBlaze_Fnd_wrapper",
	"platHandOff":	"D:/FPGA/MicroBlaze_Fnd/design_MicroBlaze_Fnd_wrapper.xsa",
	"platIntHandOff":	"<platformDir>/hw/design_MicroBlaze_Fnd_wrapper.xsa",
	"deviceType":	"FPGA",
	"platIsPrebuiltAutogen":	"false",
	"platIsNoBootBsp":	"false",
	"hasFsblMakeHasChanges":	"false",
	"hasPmufwMakeHasChanges":	"false",
	"platPreBuiltFlag":	false,
	"platformSamplesDir":	"",
	"platActiveSys":	"design_MicroBlaze_Fnd_wrapper",
	"systems":	[{
			"systemName":	"design_MicroBlaze_Fnd_wrapper",
			"systemDesc":	"design_MicroBlaze_Fnd_wrapper",
			"sysIsBootAutoGen":	"true",
			"systemDispName":	"design_MicroBlaze_Fnd_wrapper",
			"sysActiveDom":	"domain_microblaze_0",
			"sysDefaultDom":	"domain_microblaze_0",
			"domains":	[{
					"domainName":	"domain_microblaze_0",
					"domainDispName":	"domain_microblaze_0",
					"domainDesc":	"domain_microblaze_0",
					"processors":	"microblaze_0",
					"os":	"standalone",
					"sdxOs":	"standalone",
					"debugEnable":	"False",
					"domRuntimes":	["cpp"],
					"swRepo":	"",
					"mssOsVer":	"7.2",
					"mssFile":	"",
					"md5Digest":	"8a010f0f922b4d01eef4d65ac0a6c71f",
					"compatibleApp":	"hello_world",
					"domType":	"mssDomain",
					"arch":	"32-bit",
					"appSettings":	{
						"appCompilerFlags":	"",
						"appLinkerFlags":	""
					},
					"addedLibs":	[],
					"libOptions":	{
						"libsContainingOptions":	[]
					},
					"prebuiltLibs":	{
						"prebuiltIncPath":	[],
						"prebuiltLibPath":	[]
					},
					"isolation":	{
					}
				}]
		}]
}
TRACE::2022-10-19.19:18:52::SCWPlatform::Trying to open the hw design at D:/FPGA/MicroBlaze_Fnd/MicroBlaze_Fnd.vitis/design_MicroBlaze_Fnd_wrapper/hw/design_MicroBlaze_Fnd_wrapper.xsa
TRACE::2022-10-19.19:18:52::SCWPlatform::DSA given D:/FPGA/MicroBlaze_Fnd/MicroBlaze_Fnd.vitis/design_MicroBlaze_Fnd_wrapper/hw/design_MicroBlaze_Fnd_wrapper.xsa
TRACE::2022-10-19.19:18:52::SCWPlatform::DSA absoulate path D:/FPGA/MicroBlaze_Fnd/MicroBlaze_Fnd.vitis/design_MicroBlaze_Fnd_wrapper/hw/design_MicroBlaze_Fnd_wrapper.xsa
TRACE::2022-10-19.19:18:52::SCWPlatform::DSA directory D:/FPGA/MicroBlaze_Fnd/MicroBlaze_Fnd.vitis/design_MicroBlaze_Fnd_wrapper/hw
TRACE::2022-10-19.19:18:52::SCWPlatform:: Platform Path D:/FPGA/MicroBlaze_Fnd/MicroBlaze_Fnd.vitis/design_MicroBlaze_Fnd_wrapper/hw/design_MicroBlaze_Fnd_wrapper.xsa
TRACE::2022-10-19.19:18:52::SCWPlatform:: Unique name xilinx:basys3::0.0
TRACE::2022-10-19.19:18:52::SCWPlatform::Trying to set the existing hwdb with name design_MicroBlaze_Fnd_wrapper_0
TRACE::2022-10-19.19:18:52::SCWPlatform::Opened existing hwdb design_MicroBlaze_Fnd_wrapper_0
TRACE::2022-10-19.19:18:52::SCWPlatform::Found the Hw Db part of the input DSA
TRACE::2022-10-19.19:18:52::SCWMssOS::Checking the sw design at  D:/FPGA/MicroBlaze_Fnd/MicroBlaze_Fnd.vitis/design_MicroBlaze_Fnd_wrapper/microblaze_0/domain_microblaze_0/bsp/system.mss
TRACE::2022-10-19.19:18:52::SCWMssOS::DEBUG:  swdes dump  D:/FPGA/MicroBlaze_Fnd/MicroBlaze_Fnd.vitis/design_MicroBlaze_Fnd_wrapper/microblaze_0/domain_microblaze_0/bsp/system.mss|system||

TRACE::2022-10-19.19:18:52::SCWMssOS::Sw design exists and opened at  D:/FPGA/MicroBlaze_Fnd/MicroBlaze_Fnd.vitis/design_MicroBlaze_Fnd_wrapper/microblaze_0/domain_microblaze_0/bsp/system.mss
TRACE::2022-10-19.19:18:52::SCWPlatform::Trying to open the hw design at D:/FPGA/MicroBlaze_Fnd/MicroBlaze_Fnd.vitis/design_MicroBlaze_Fnd_wrapper/hw/design_MicroBlaze_Fnd_wrapper.xsa
TRACE::2022-10-19.19:18:52::SCWPlatform::DSA given D:/FPGA/MicroBlaze_Fnd/MicroBlaze_Fnd.vitis/design_MicroBlaze_Fnd_wrapper/hw/design_MicroBlaze_Fnd_wrapper.xsa
TRACE::2022-10-19.19:18:52::SCWPlatform::DSA absoulate path D:/FPGA/MicroBlaze_Fnd/MicroBlaze_Fnd.vitis/design_MicroBlaze_Fnd_wrapper/hw/design_MicroBlaze_Fnd_wrapper.xsa
TRACE::2022-10-19.19:18:52::SCWPlatform::DSA directory D:/FPGA/MicroBlaze_Fnd/MicroBlaze_Fnd.vitis/design_MicroBlaze_Fnd_wrapper/hw
TRACE::2022-10-19.19:18:52::SCWPlatform:: Platform Path D:/FPGA/MicroBlaze_Fnd/MicroBlaze_Fnd.vitis/design_MicroBlaze_Fnd_wrapper/hw/design_MicroBlaze_Fnd_wrapper.xsa
TRACE::2022-10-19.19:18:52::SCWPlatform:: Unique name xilinx:basys3::0.0
TRACE::2022-10-19.19:18:52::SCWPlatform::Trying to set the existing hwdb with name design_MicroBlaze_Fnd_wrapper_0
TRACE::2022-10-19.19:18:52::SCWPlatform::Opened existing hwdb design_MicroBlaze_Fnd_wrapper_0
TRACE::2022-10-19.19:18:52::SCWPlatform::Found the Hw Db part of the input DSA
TRACE::2022-10-19.19:18:52::SCWMssOS::Checking the sw design at  D:/FPGA/MicroBlaze_Fnd/MicroBlaze_Fnd.vitis/design_MicroBlaze_Fnd_wrapper/microblaze_0/domain_microblaze_0/bsp/system.mss
TRACE::2022-10-19.19:18:52::SCWMssOS::DEBUG:  swdes dump  D:/FPGA/MicroBlaze_Fnd/MicroBlaze_Fnd.vitis/design_MicroBlaze_Fnd_wrapper/microblaze_0/domain_microblaze_0/bsp/system.mss|system||

TRACE::2022-10-19.19:18:52::SCWMssOS::Sw design exists and opened at  D:/FPGA/MicroBlaze_Fnd/MicroBlaze_Fnd.vitis/design_MicroBlaze_Fnd_wrapper/microblaze_0/domain_microblaze_0/bsp/system.mss
TRACE::2022-10-19.19:18:52::SCWMssOS::Saving the mss changes D:/FPGA/MicroBlaze_Fnd/MicroBlaze_Fnd.vitis/design_MicroBlaze_Fnd_wrapper/microblaze_0/domain_microblaze_0/bsp/system.mss
TRACE::2022-10-19.19:18:52::SCWMssOS::Found a swdesign opened with the mssfile.
TRACE::2022-10-19.19:18:52::SCWMssOS::Completed writemss as part of save.
TRACE::2022-10-19.19:18:52::SCWMssOS::Commit changes completed.
TRACE::2022-10-19.19:18:52::SCWPlatform::Trying to open the hw design at D:/FPGA/MicroBlaze_Fnd/MicroBlaze_Fnd.vitis/design_MicroBlaze_Fnd_wrapper/hw/design_MicroBlaze_Fnd_wrapper.xsa
TRACE::2022-10-19.19:18:52::SCWPlatform::DSA given D:/FPGA/MicroBlaze_Fnd/MicroBlaze_Fnd.vitis/design_MicroBlaze_Fnd_wrapper/hw/design_MicroBlaze_Fnd_wrapper.xsa
TRACE::2022-10-19.19:18:52::SCWPlatform::DSA absoulate path D:/FPGA/MicroBlaze_Fnd/MicroBlaze_Fnd.vitis/design_MicroBlaze_Fnd_wrapper/hw/design_MicroBlaze_Fnd_wrapper.xsa
TRACE::2022-10-19.19:18:52::SCWPlatform::DSA directory D:/FPGA/MicroBlaze_Fnd/MicroBlaze_Fnd.vitis/design_MicroBlaze_Fnd_wrapper/hw
TRACE::2022-10-19.19:18:52::SCWPlatform:: Platform Path D:/FPGA/MicroBlaze_Fnd/MicroBlaze_Fnd.vitis/design_MicroBlaze_Fnd_wrapper/hw/design_MicroBlaze_Fnd_wrapper.xsa
TRACE::2022-10-19.19:18:52::SCWPlatform:: Unique name xilinx:basys3::0.0
TRACE::2022-10-19.19:18:52::SCWPlatform::Trying to set the existing hwdb with name design_MicroBlaze_Fnd_wrapper_0
TRACE::2022-10-19.19:18:52::SCWPlatform::Opened existing hwdb design_MicroBlaze_Fnd_wrapper_0
TRACE::2022-10-19.19:18:52::SCWPlatform::Found the Hw Db part of the input DSA
TRACE::2022-10-19.19:18:52::SCWMssOS::Checking the sw design at  D:/FPGA/MicroBlaze_Fnd/MicroBlaze_Fnd.vitis/design_MicroBlaze_Fnd_wrapper/microblaze_0/domain_microblaze_0/bsp/system.mss
TRACE::2022-10-19.19:18:52::SCWMssOS::DEBUG:  swdes dump  D:/FPGA/MicroBlaze_Fnd/MicroBlaze_Fnd.vitis/design_MicroBlaze_Fnd_wrapper/microblaze_0/domain_microblaze_0/bsp/system.mss|system||

TRACE::2022-10-19.19:18:52::SCWMssOS::Sw design exists and opened at  D:/FPGA/MicroBlaze_Fnd/MicroBlaze_Fnd.vitis/design_MicroBlaze_Fnd_wrapper/microblaze_0/domain_microblaze_0/bsp/system.mss
TRACE::2022-10-19.19:18:52::SCWPlatform::Trying to open the hw design at D:/FPGA/MicroBlaze_Fnd/MicroBlaze_Fnd.vitis/design_MicroBlaze_Fnd_wrapper/hw/design_MicroBlaze_Fnd_wrapper.xsa
TRACE::2022-10-19.19:18:52::SCWPlatform::DSA given D:/FPGA/MicroBlaze_Fnd/MicroBlaze_Fnd.vitis/design_MicroBlaze_Fnd_wrapper/hw/design_MicroBlaze_Fnd_wrapper.xsa
TRACE::2022-10-19.19:18:52::SCWPlatform::DSA absoulate path D:/FPGA/MicroBlaze_Fnd/MicroBlaze_Fnd.vitis/design_MicroBlaze_Fnd_wrapper/hw/design_MicroBlaze_Fnd_wrapper.xsa
TRACE::2022-10-19.19:18:52::SCWPlatform::DSA directory D:/FPGA/MicroBlaze_Fnd/MicroBlaze_Fnd.vitis/design_MicroBlaze_Fnd_wrapper/hw
TRACE::2022-10-19.19:18:52::SCWPlatform:: Platform Path D:/FPGA/MicroBlaze_Fnd/MicroBlaze_Fnd.vitis/design_MicroBlaze_Fnd_wrapper/hw/design_MicroBlaze_Fnd_wrapper.xsa
TRACE::2022-10-19.19:18:52::SCWPlatform:: Unique name xilinx:basys3::0.0
TRACE::2022-10-19.19:18:52::SCWPlatform::Trying to set the existing hwdb with name design_MicroBlaze_Fnd_wrapper_0
TRACE::2022-10-19.19:18:52::SCWPlatform::Opened existing hwdb design_MicroBlaze_Fnd_wrapper_0
TRACE::2022-10-19.19:18:52::SCWPlatform::Found the Hw Db part of the input DSA
TRACE::2022-10-19.19:18:52::SCWMssOS::Checking the sw design at  D:/FPGA/MicroBlaze_Fnd/MicroBlaze_Fnd.vitis/design_MicroBlaze_Fnd_wrapper/microblaze_0/domain_microblaze_0/bsp/system.mss
TRACE::2022-10-19.19:18:52::SCWMssOS::DEBUG:  swdes dump  D:/FPGA/MicroBlaze_Fnd/MicroBlaze_Fnd.vitis/design_MicroBlaze_Fnd_wrapper/microblaze_0/domain_microblaze_0/bsp/system.mss|system||

TRACE::2022-10-19.19:18:52::SCWMssOS::Sw design exists and opened at  D:/FPGA/MicroBlaze_Fnd/MicroBlaze_Fnd.vitis/design_MicroBlaze_Fnd_wrapper/microblaze_0/domain_microblaze_0/bsp/system.mss
TRACE::2022-10-19.19:18:52::SCWPlatform::Trying to open the hw design at D:/FPGA/MicroBlaze_Fnd/MicroBlaze_Fnd.vitis/design_MicroBlaze_Fnd_wrapper/hw/design_MicroBlaze_Fnd_wrapper.xsa
TRACE::2022-10-19.19:18:52::SCWPlatform::DSA given D:/FPGA/MicroBlaze_Fnd/MicroBlaze_Fnd.vitis/design_MicroBlaze_Fnd_wrapper/hw/design_MicroBlaze_Fnd_wrapper.xsa
TRACE::2022-10-19.19:18:52::SCWPlatform::DSA absoulate path D:/FPGA/MicroBlaze_Fnd/MicroBlaze_Fnd.vitis/design_MicroBlaze_Fnd_wrapper/hw/design_MicroBlaze_Fnd_wrapper.xsa
TRACE::2022-10-19.19:18:52::SCWPlatform::DSA directory D:/FPGA/MicroBlaze_Fnd/MicroBlaze_Fnd.vitis/design_MicroBlaze_Fnd_wrapper/hw
TRACE::2022-10-19.19:18:52::SCWPlatform:: Platform Path D:/FPGA/MicroBlaze_Fnd/MicroBlaze_Fnd.vitis/design_MicroBlaze_Fnd_wrapper/hw/design_MicroBlaze_Fnd_wrapper.xsa
TRACE::2022-10-19.19:18:52::SCWPlatform:: Unique name xilinx:basys3::0.0
TRACE::2022-10-19.19:18:52::SCWPlatform::Trying to set the existing hwdb with name design_MicroBlaze_Fnd_wrapper_0
TRACE::2022-10-19.19:18:52::SCWPlatform::Opened existing hwdb design_MicroBlaze_Fnd_wrapper_0
TRACE::2022-10-19.19:18:52::SCWPlatform::Found the Hw Db part of the input DSA
TRACE::2022-10-19.19:18:52::SCWMssOS::Checking the sw design at  D:/FPGA/MicroBlaze_Fnd/MicroBlaze_Fnd.vitis/design_MicroBlaze_Fnd_wrapper/microblaze_0/domain_microblaze_0/bsp/system.mss
TRACE::2022-10-19.19:18:52::SCWMssOS::DEBUG:  swdes dump  D:/FPGA/MicroBlaze_Fnd/MicroBlaze_Fnd.vitis/design_MicroBlaze_Fnd_wrapper/microblaze_0/domain_microblaze_0/bsp/system.mss|system||

TRACE::2022-10-19.19:18:52::SCWMssOS::Sw design exists and opened at  D:/FPGA/MicroBlaze_Fnd/MicroBlaze_Fnd.vitis/design_MicroBlaze_Fnd_wrapper/microblaze_0/domain_microblaze_0/bsp/system.mss
TRACE::2022-10-19.19:18:52::SCWWriter::formatted JSON is {
	"platformName":	"design_MicroBlaze_Fnd_wrapper",
	"sprVersion":	"2.0",
	"mode":	"gui",
	"dsaType":	"Fixed",
	"platformDesc":	"design_MicroBlaze_Fnd_wrapper",
	"platHandOff":	"D:/FPGA/MicroBlaze_Fnd/design_MicroBlaze_Fnd_wrapper.xsa",
	"platIntHandOff":	"<platformDir>/hw/design_MicroBlaze_Fnd_wrapper.xsa",
	"deviceType":	"FPGA",
	"platIsPrebuiltAutogen":	"false",
	"platIsNoBootBsp":	"false",
	"hasFsblMakeHasChanges":	"false",
	"hasPmufwMakeHasChanges":	"false",
	"platPreBuiltFlag":	false,
	"platformSamplesDir":	"",
	"platActiveSys":	"design_MicroBlaze_Fnd_wrapper",
	"systems":	[{
			"systemName":	"design_MicroBlaze_Fnd_wrapper",
			"systemDesc":	"design_MicroBlaze_Fnd_wrapper",
			"sysIsBootAutoGen":	"true",
			"systemDispName":	"design_MicroBlaze_Fnd_wrapper",
			"sysActiveDom":	"domain_microblaze_0",
			"sysDefaultDom":	"domain_microblaze_0",
			"domains":	[{
					"domainName":	"domain_microblaze_0",
					"domainDispName":	"domain_microblaze_0",
					"domainDesc":	"domain_microblaze_0",
					"processors":	"microblaze_0",
					"os":	"standalone",
					"sdxOs":	"standalone",
					"debugEnable":	"False",
					"domRuntimes":	["cpp"],
					"swRepo":	"",
					"mssOsVer":	"7.2",
					"mssFile":	"",
					"md5Digest":	"8a010f0f922b4d01eef4d65ac0a6c71f",
					"compatibleApp":	"hello_world",
					"domType":	"mssDomain",
					"arch":	"32-bit",
					"appSettings":	{
						"appCompilerFlags":	"",
						"appLinkerFlags":	""
					},
					"addedLibs":	[],
					"libOptions":	{
						"libsContainingOptions":	[]
					},
					"prebuiltLibs":	{
						"prebuiltIncPath":	[],
						"prebuiltLibPath":	[]
					},
					"isolation":	{
					}
				}]
		}]
}
LOG::2022-10-19.19:18:52::SCWPlatform::Started generating the artifacts platform design_MicroBlaze_Fnd_wrapper
TRACE::2022-10-19.19:18:52::SCWPlatform::Sanity checking of platform is completed
LOG::2022-10-19.19:18:52::SCWPlatform::Started generating the artifacts for system configuration design_MicroBlaze_Fnd_wrapper
LOG::2022-10-19.19:18:52::SCWSystem::Started Processing the domain domain_microblaze_0
TRACE::2022-10-19.19:18:52::SCWDomain::Generating domain artifcats
TRACE::2022-10-19.19:18:52::SCWMssOS::Generating standalone artifcats
TRACE::2022-10-19.19:18:52::SCWMssOS:: Copying the user libraries. 
TRACE::2022-10-19.19:18:52::SCWPlatform::Trying to open the hw design at D:/FPGA/MicroBlaze_Fnd/MicroBlaze_Fnd.vitis/design_MicroBlaze_Fnd_wrapper/hw/design_MicroBlaze_Fnd_wrapper.xsa
TRACE::2022-10-19.19:18:52::SCWPlatform::DSA given D:/FPGA/MicroBlaze_Fnd/MicroBlaze_Fnd.vitis/design_MicroBlaze_Fnd_wrapper/hw/design_MicroBlaze_Fnd_wrapper.xsa
TRACE::2022-10-19.19:18:52::SCWPlatform::DSA absoulate path D:/FPGA/MicroBlaze_Fnd/MicroBlaze_Fnd.vitis/design_MicroBlaze_Fnd_wrapper/hw/design_MicroBlaze_Fnd_wrapper.xsa
TRACE::2022-10-19.19:18:52::SCWPlatform::DSA directory D:/FPGA/MicroBlaze_Fnd/MicroBlaze_Fnd.vitis/design_MicroBlaze_Fnd_wrapper/hw
TRACE::2022-10-19.19:18:52::SCWPlatform:: Platform Path D:/FPGA/MicroBlaze_Fnd/MicroBlaze_Fnd.vitis/design_MicroBlaze_Fnd_wrapper/hw/design_MicroBlaze_Fnd_wrapper.xsa
TRACE::2022-10-19.19:18:52::SCWPlatform:: Unique name xilinx:basys3::0.0
TRACE::2022-10-19.19:18:52::SCWPlatform::Trying to set the existing hwdb with name design_MicroBlaze_Fnd_wrapper_0
TRACE::2022-10-19.19:18:52::SCWPlatform::Opened existing hwdb design_MicroBlaze_Fnd_wrapper_0
TRACE::2022-10-19.19:18:52::SCWPlatform::Found the Hw Db part of the input DSA
TRACE::2022-10-19.19:18:52::SCWMssOS::Checking the sw design at  D:/FPGA/MicroBlaze_Fnd/MicroBlaze_Fnd.vitis/design_MicroBlaze_Fnd_wrapper/microblaze_0/domain_microblaze_0/bsp/system.mss
TRACE::2022-10-19.19:18:52::SCWMssOS::DEBUG:  swdes dump  D:/FPGA/MicroBlaze_Fnd/MicroBlaze_Fnd.vitis/design_MicroBlaze_Fnd_wrapper/microblaze_0/domain_microblaze_0/bsp/system.mss|system||

TRACE::2022-10-19.19:18:52::SCWMssOS::Sw design exists and opened at  D:/FPGA/MicroBlaze_Fnd/MicroBlaze_Fnd.vitis/design_MicroBlaze_Fnd_wrapper/microblaze_0/domain_microblaze_0/bsp/system.mss
TRACE::2022-10-19.19:18:52::SCWMssOS::Completed writing the mss file at D:/FPGA/MicroBlaze_Fnd/MicroBlaze_Fnd.vitis/design_MicroBlaze_Fnd_wrapper/microblaze_0/domain_microblaze_0/bsp
TRACE::2022-10-19.19:18:52::SCWMssOS::Mss edits present, copying mssfile into export location D:/FPGA/MicroBlaze_Fnd/MicroBlaze_Fnd.vitis/design_MicroBlaze_Fnd_wrapper/microblaze_0/domain_microblaze_0/bsp/system.mss
TRACE::2022-10-19.19:18:52::SCWMssOS::bsp generated is upto date with the mss file. Skipping bsp generation.
TRACE::2022-10-19.19:18:52::SCWMssOS::BSP is already built. skipping the bsp build ... 
TRACE::2022-10-19.19:18:52::SCWDomain::Building the domain as part of full build :  domain_microblaze_0
TRACE::2022-10-19.19:18:52::SCWMssOS::skipping the bsp build ... 
TRACE::2022-10-19.19:18:52::SCWMssOS::Copying to export directory.
TRACE::2022-10-19.19:18:52::SCWMssOS:: Checking if to create the Supporting Applications
TRACE::2022-10-19.19:18:52::SCWMssOS:: No Linux domain exists, trying to generate FSBL 
LOG::2022-10-19.19:18:52::SCWSystem::Completed Processing the domain domain_microblaze_0
LOG::2022-10-19.19:18:52::SCWSystem::Completed Processing the sysconfig design_MicroBlaze_Fnd_wrapper
LOG::2022-10-19.19:18:52::SCWPlatform::Completed generating the artifacts for system configuration design_MicroBlaze_Fnd_wrapper
TRACE::2022-10-19.19:18:52::SCWPlatform::Started preparing the platform 
TRACE::2022-10-19.19:18:52::SCWSystem::Writing the bif file for system config design_MicroBlaze_Fnd_wrapper
TRACE::2022-10-19.19:18:52::SCWSystem::dir created 
TRACE::2022-10-19.19:18:52::SCWSystem::Writing the bif 
TRACE::2022-10-19.19:18:52::SCWPlatform::Started writing the spfm file 
TRACE::2022-10-19.19:18:52::SCWPlatform::Started writing the xpfm file 
TRACE::2022-10-19.19:18:52::SCWPlatform::Completed generating the platform
TRACE::2022-10-19.19:18:52::SCWMssOS::Saving the mss changes D:/FPGA/MicroBlaze_Fnd/MicroBlaze_Fnd.vitis/design_MicroBlaze_Fnd_wrapper/microblaze_0/domain_microblaze_0/bsp/system.mss
TRACE::2022-10-19.19:18:52::SCWMssOS::Found a swdesign opened with the mssfile.
TRACE::2022-10-19.19:18:52::SCWMssOS::Completed writemss as part of save.
TRACE::2022-10-19.19:18:52::SCWMssOS::Commit changes completed.
TRACE::2022-10-19.19:18:52::SCWPlatform::Trying to open the hw design at D:/FPGA/MicroBlaze_Fnd/MicroBlaze_Fnd.vitis/design_MicroBlaze_Fnd_wrapper/hw/design_MicroBlaze_Fnd_wrapper.xsa
TRACE::2022-10-19.19:18:52::SCWPlatform::DSA given D:/FPGA/MicroBlaze_Fnd/MicroBlaze_Fnd.vitis/design_MicroBlaze_Fnd_wrapper/hw/design_MicroBlaze_Fnd_wrapper.xsa
TRACE::2022-10-19.19:18:52::SCWPlatform::DSA absoulate path D:/FPGA/MicroBlaze_Fnd/MicroBlaze_Fnd.vitis/design_MicroBlaze_Fnd_wrapper/hw/design_MicroBlaze_Fnd_wrapper.xsa
TRACE::2022-10-19.19:18:52::SCWPlatform::DSA directory D:/FPGA/MicroBlaze_Fnd/MicroBlaze_Fnd.vitis/design_MicroBlaze_Fnd_wrapper/hw
TRACE::2022-10-19.19:18:52::SCWPlatform:: Platform Path D:/FPGA/MicroBlaze_Fnd/MicroBlaze_Fnd.vitis/design_MicroBlaze_Fnd_wrapper/hw/design_MicroBlaze_Fnd_wrapper.xsa
TRACE::2022-10-19.19:18:52::SCWPlatform:: Unique name xilinx:basys3::0.0
TRACE::2022-10-19.19:18:52::SCWPlatform::Trying to set the existing hwdb with name design_MicroBlaze_Fnd_wrapper_0
TRACE::2022-10-19.19:18:52::SCWPlatform::Opened existing hwdb design_MicroBlaze_Fnd_wrapper_0
TRACE::2022-10-19.19:18:52::SCWPlatform::Found the Hw Db part of the input DSA
TRACE::2022-10-19.19:18:52::SCWMssOS::Checking the sw design at  D:/FPGA/MicroBlaze_Fnd/MicroBlaze_Fnd.vitis/design_MicroBlaze_Fnd_wrapper/microblaze_0/domain_microblaze_0/bsp/system.mss
TRACE::2022-10-19.19:18:52::SCWMssOS::DEBUG:  swdes dump  D:/FPGA/MicroBlaze_Fnd/MicroBlaze_Fnd.vitis/design_MicroBlaze_Fnd_wrapper/microblaze_0/domain_microblaze_0/bsp/system.mss|system||

TRACE::2022-10-19.19:18:52::SCWMssOS::Sw design exists and opened at  D:/FPGA/MicroBlaze_Fnd/MicroBlaze_Fnd.vitis/design_MicroBlaze_Fnd_wrapper/microblaze_0/domain_microblaze_0/bsp/system.mss
TRACE::2022-10-19.19:18:52::SCWPlatform::Trying to open the hw design at D:/FPGA/MicroBlaze_Fnd/MicroBlaze_Fnd.vitis/design_MicroBlaze_Fnd_wrapper/hw/design_MicroBlaze_Fnd_wrapper.xsa
TRACE::2022-10-19.19:18:52::SCWPlatform::DSA given D:/FPGA/MicroBlaze_Fnd/MicroBlaze_Fnd.vitis/design_MicroBlaze_Fnd_wrapper/hw/design_MicroBlaze_Fnd_wrapper.xsa
TRACE::2022-10-19.19:18:52::SCWPlatform::DSA absoulate path D:/FPGA/MicroBlaze_Fnd/MicroBlaze_Fnd.vitis/design_MicroBlaze_Fnd_wrapper/hw/design_MicroBlaze_Fnd_wrapper.xsa
TRACE::2022-10-19.19:18:52::SCWPlatform::DSA directory D:/FPGA/MicroBlaze_Fnd/MicroBlaze_Fnd.vitis/design_MicroBlaze_Fnd_wrapper/hw
TRACE::2022-10-19.19:18:52::SCWPlatform:: Platform Path D:/FPGA/MicroBlaze_Fnd/MicroBlaze_Fnd.vitis/design_MicroBlaze_Fnd_wrapper/hw/design_MicroBlaze_Fnd_wrapper.xsa
TRACE::2022-10-19.19:18:52::SCWPlatform:: Unique name xilinx:basys3::0.0
TRACE::2022-10-19.19:18:52::SCWPlatform::Trying to set the existing hwdb with name design_MicroBlaze_Fnd_wrapper_0
TRACE::2022-10-19.19:18:52::SCWPlatform::Opened existing hwdb design_MicroBlaze_Fnd_wrapper_0
TRACE::2022-10-19.19:18:52::SCWPlatform::Found the Hw Db part of the input DSA
TRACE::2022-10-19.19:18:52::SCWMssOS::Checking the sw design at  D:/FPGA/MicroBlaze_Fnd/MicroBlaze_Fnd.vitis/design_MicroBlaze_Fnd_wrapper/microblaze_0/domain_microblaze_0/bsp/system.mss
TRACE::2022-10-19.19:18:52::SCWMssOS::DEBUG:  swdes dump  D:/FPGA/MicroBlaze_Fnd/MicroBlaze_Fnd.vitis/design_MicroBlaze_Fnd_wrapper/microblaze_0/domain_microblaze_0/bsp/system.mss|system||

TRACE::2022-10-19.19:18:52::SCWMssOS::Sw design exists and opened at  D:/FPGA/MicroBlaze_Fnd/MicroBlaze_Fnd.vitis/design_MicroBlaze_Fnd_wrapper/microblaze_0/domain_microblaze_0/bsp/system.mss
TRACE::2022-10-19.19:18:52::SCWPlatform::Trying to open the hw design at D:/FPGA/MicroBlaze_Fnd/MicroBlaze_Fnd.vitis/design_MicroBlaze_Fnd_wrapper/hw/design_MicroBlaze_Fnd_wrapper.xsa
TRACE::2022-10-19.19:18:52::SCWPlatform::DSA given D:/FPGA/MicroBlaze_Fnd/MicroBlaze_Fnd.vitis/design_MicroBlaze_Fnd_wrapper/hw/design_MicroBlaze_Fnd_wrapper.xsa
TRACE::2022-10-19.19:18:52::SCWPlatform::DSA absoulate path D:/FPGA/MicroBlaze_Fnd/MicroBlaze_Fnd.vitis/design_MicroBlaze_Fnd_wrapper/hw/design_MicroBlaze_Fnd_wrapper.xsa
TRACE::2022-10-19.19:18:52::SCWPlatform::DSA directory D:/FPGA/MicroBlaze_Fnd/MicroBlaze_Fnd.vitis/design_MicroBlaze_Fnd_wrapper/hw
TRACE::2022-10-19.19:18:52::SCWPlatform:: Platform Path D:/FPGA/MicroBlaze_Fnd/MicroBlaze_Fnd.vitis/design_MicroBlaze_Fnd_wrapper/hw/design_MicroBlaze_Fnd_wrapper.xsa
TRACE::2022-10-19.19:18:52::SCWPlatform:: Unique name xilinx:basys3::0.0
TRACE::2022-10-19.19:18:52::SCWPlatform::Trying to set the existing hwdb with name design_MicroBlaze_Fnd_wrapper_0
TRACE::2022-10-19.19:18:52::SCWPlatform::Opened existing hwdb design_MicroBlaze_Fnd_wrapper_0
TRACE::2022-10-19.19:18:52::SCWPlatform::Found the Hw Db part of the input DSA
TRACE::2022-10-19.19:18:52::SCWMssOS::Checking the sw design at  D:/FPGA/MicroBlaze_Fnd/MicroBlaze_Fnd.vitis/design_MicroBlaze_Fnd_wrapper/microblaze_0/domain_microblaze_0/bsp/system.mss
TRACE::2022-10-19.19:18:52::SCWMssOS::DEBUG:  swdes dump  D:/FPGA/MicroBlaze_Fnd/MicroBlaze_Fnd.vitis/design_MicroBlaze_Fnd_wrapper/microblaze_0/domain_microblaze_0/bsp/system.mss|system||

TRACE::2022-10-19.19:18:52::SCWMssOS::Sw design exists and opened at  D:/FPGA/MicroBlaze_Fnd/MicroBlaze_Fnd.vitis/design_MicroBlaze_Fnd_wrapper/microblaze_0/domain_microblaze_0/bsp/system.mss
TRACE::2022-10-19.19:18:52::SCWWriter::formatted JSON is {
	"platformName":	"design_MicroBlaze_Fnd_wrapper",
	"sprVersion":	"2.0",
	"mode":	"gui",
	"dsaType":	"Fixed",
	"platformDesc":	"design_MicroBlaze_Fnd_wrapper",
	"platHandOff":	"D:/FPGA/MicroBlaze_Fnd/design_MicroBlaze_Fnd_wrapper.xsa",
	"platIntHandOff":	"<platformDir>/hw/design_MicroBlaze_Fnd_wrapper.xsa",
	"deviceType":	"FPGA",
	"platIsPrebuiltAutogen":	"false",
	"platIsNoBootBsp":	"false",
	"hasFsblMakeHasChanges":	"false",
	"hasPmufwMakeHasChanges":	"false",
	"platPreBuiltFlag":	false,
	"platformSamplesDir":	"",
	"platActiveSys":	"design_MicroBlaze_Fnd_wrapper",
	"systems":	[{
			"systemName":	"design_MicroBlaze_Fnd_wrapper",
			"systemDesc":	"design_MicroBlaze_Fnd_wrapper",
			"sysIsBootAutoGen":	"true",
			"systemDispName":	"design_MicroBlaze_Fnd_wrapper",
			"sysActiveDom":	"domain_microblaze_0",
			"sysDefaultDom":	"domain_microblaze_0",
			"domains":	[{
					"domainName":	"domain_microblaze_0",
					"domainDispName":	"domain_microblaze_0",
					"domainDesc":	"domain_microblaze_0",
					"processors":	"microblaze_0",
					"os":	"standalone",
					"sdxOs":	"standalone",
					"debugEnable":	"False",
					"domRuntimes":	["cpp"],
					"swRepo":	"",
					"mssOsVer":	"7.2",
					"mssFile":	"",
					"md5Digest":	"8a010f0f922b4d01eef4d65ac0a6c71f",
					"compatibleApp":	"hello_world",
					"domType":	"mssDomain",
					"arch":	"32-bit",
					"appSettings":	{
						"appCompilerFlags":	"",
						"appLinkerFlags":	""
					},
					"addedLibs":	[],
					"libOptions":	{
						"libsContainingOptions":	[]
					},
					"prebuiltLibs":	{
						"prebuiltIncPath":	[],
						"prebuiltLibPath":	[]
					},
					"isolation":	{
					}
				}]
		}]
}
KEYINFO::2022-10-19.19:18:52::SCWPlatform::updated the xpfm file.
LOG::2022-10-19.19:23:29::SCWPlatform::Started generating the artifacts platform design_MicroBlaze_Fnd_wrapper
TRACE::2022-10-19.19:23:29::SCWPlatform::Sanity checking of platform is completed
LOG::2022-10-19.19:23:29::SCWPlatform::Started generating the artifacts for system configuration design_MicroBlaze_Fnd_wrapper
LOG::2022-10-19.19:23:29::SCWSystem::Checking the domain domain_microblaze_0
LOG::2022-10-19.19:23:29::SCWSystem::Not a boot domain 
LOG::2022-10-19.19:23:29::SCWSystem::Started Processing the domain domain_microblaze_0
TRACE::2022-10-19.19:23:29::SCWDomain::Generating domain artifcats
TRACE::2022-10-19.19:23:29::SCWMssOS::Generating standalone artifcats
TRACE::2022-10-19.19:23:29::SCWMssOS:: Copying the user libraries. 
TRACE::2022-10-19.19:23:29::SCWPlatform::Trying to open the hw design at D:/FPGA/MicroBlaze_Fnd/MicroBlaze_Fnd.vitis/design_MicroBlaze_Fnd_wrapper/hw/design_MicroBlaze_Fnd_wrapper.xsa
TRACE::2022-10-19.19:23:29::SCWPlatform::DSA given D:/FPGA/MicroBlaze_Fnd/MicroBlaze_Fnd.vitis/design_MicroBlaze_Fnd_wrapper/hw/design_MicroBlaze_Fnd_wrapper.xsa
TRACE::2022-10-19.19:23:29::SCWPlatform::DSA absoulate path D:/FPGA/MicroBlaze_Fnd/MicroBlaze_Fnd.vitis/design_MicroBlaze_Fnd_wrapper/hw/design_MicroBlaze_Fnd_wrapper.xsa
TRACE::2022-10-19.19:23:29::SCWPlatform::DSA directory D:/FPGA/MicroBlaze_Fnd/MicroBlaze_Fnd.vitis/design_MicroBlaze_Fnd_wrapper/hw
TRACE::2022-10-19.19:23:29::SCWPlatform:: Platform Path D:/FPGA/MicroBlaze_Fnd/MicroBlaze_Fnd.vitis/design_MicroBlaze_Fnd_wrapper/hw/design_MicroBlaze_Fnd_wrapper.xsa
TRACE::2022-10-19.19:23:29::SCWPlatform:: Unique name xilinx:basys3::0.0
TRACE::2022-10-19.19:23:29::SCWPlatform::Trying to set the existing hwdb with name design_MicroBlaze_Fnd_wrapper_0
TRACE::2022-10-19.19:23:29::SCWPlatform::Opened existing hwdb design_MicroBlaze_Fnd_wrapper_0
TRACE::2022-10-19.19:23:29::SCWPlatform::Found the Hw Db part of the input DSA
TRACE::2022-10-19.19:23:29::SCWMssOS::Checking the sw design at  D:/FPGA/MicroBlaze_Fnd/MicroBlaze_Fnd.vitis/design_MicroBlaze_Fnd_wrapper/microblaze_0/domain_microblaze_0/bsp/system.mss
TRACE::2022-10-19.19:23:29::SCWMssOS::DEBUG:  swdes dump  D:/FPGA/MicroBlaze_Fnd/MicroBlaze_Fnd.vitis/design_MicroBlaze_Fnd_wrapper/microblaze_0/domain_microblaze_0/bsp/system.mss|system||

TRACE::2022-10-19.19:23:29::SCWMssOS::Sw design exists and opened at  D:/FPGA/MicroBlaze_Fnd/MicroBlaze_Fnd.vitis/design_MicroBlaze_Fnd_wrapper/microblaze_0/domain_microblaze_0/bsp/system.mss
TRACE::2022-10-19.19:23:29::SCWMssOS::Completed writing the mss file at D:/FPGA/MicroBlaze_Fnd/MicroBlaze_Fnd.vitis/design_MicroBlaze_Fnd_wrapper/microblaze_0/domain_microblaze_0/bsp
TRACE::2022-10-19.19:23:29::SCWMssOS::Mss edits present, copying mssfile into export location D:/FPGA/MicroBlaze_Fnd/MicroBlaze_Fnd.vitis/design_MicroBlaze_Fnd_wrapper/microblaze_0/domain_microblaze_0/bsp/system.mss
TRACE::2022-10-19.19:23:29::SCWMssOS::bsp generated is upto date with the mss file. Skipping bsp generation.
TRACE::2022-10-19.19:23:29::SCWMssOS::BSP is already built. skipping the bsp build ... 
TRACE::2022-10-19.19:23:29::SCWDomain::Building the domain as part of full build :  domain_microblaze_0
TRACE::2022-10-19.19:23:29::SCWMssOS::doing bsp build ... 
TRACE::2022-10-19.19:23:29::SCWMssOS::System Command Ran  D: & cd  D:/FPGA/MicroBlaze_Fnd/MicroBlaze_Fnd.vitis/design_MicroBlaze_Fnd_wrapper/microblaze_0/domain_microblaze_0/bsp & make 
TRACE::2022-10-19.19:23:30::SCWMssOS::"Running Make include in microblaze_0/libsrc/bram_v4_4/src"

TRACE::2022-10-19.19:23:30::SCWMssOS::make -C microblaze_0/libsrc/bram_v4_4/src -s include  "SHELL=CMD" "COMPILER=mb-gcc" "ASSEMBLER=mb-as" "ARCHIVER=mb-ar" "COMPILE
TRACE::2022-10-19.19:23:30::SCWMssOS::R_FLAGS=  -O2 -c -mcpu=v11.0 -mlittle-endian -mxl-soft-mul" "EXTRA_COMPILER_FLAGS=-g -ffunction-sections -fdata-sections -Wall 
TRACE::2022-10-19.19:23:30::SCWMssOS::-Wextra"

TRACE::2022-10-19.19:23:30::SCWMssOS::"Running Make include in microblaze_0/libsrc/cpu_v2_11/src"

TRACE::2022-10-19.19:23:30::SCWMssOS::make -C microblaze_0/libsrc/cpu_v2_11/src -s include  "SHELL=CMD" "COMPILER=mb-gcc" "ASSEMBLER=mb-as" "ARCHIVER=mb-ar" "COMPILE
TRACE::2022-10-19.19:23:30::SCWMssOS::R_FLAGS=  -O2 -c -mcpu=v11.0 -mlittle-endian -mxl-soft-mul" "EXTRA_COMPILER_FLAGS=-g -ffunction-sections -fdata-sections -Wall 
TRACE::2022-10-19.19:23:30::SCWMssOS::-Wextra"

TRACE::2022-10-19.19:23:30::SCWMssOS::"Running Make include in microblaze_0/libsrc/gpio_v4_6/src"

TRACE::2022-10-19.19:23:30::SCWMssOS::make -C microblaze_0/libsrc/gpio_v4_6/src -s include  "SHELL=CMD" "COMPILER=mb-gcc" "ASSEMBLER=mb-as" "ARCHIVER=mb-ar" "COMPILE
TRACE::2022-10-19.19:23:30::SCWMssOS::R_FLAGS=  -O2 -c -mcpu=v11.0 -mlittle-endian -mxl-soft-mul" "EXTRA_COMPILER_FLAGS=-g -ffunction-sections -fdata-sections -Wall 
TRACE::2022-10-19.19:23:30::SCWMssOS::-Wextra"

TRACE::2022-10-19.19:23:30::SCWMssOS::"Running Make include in microblaze_0/libsrc/standalone_v7_2/src"

TRACE::2022-10-19.19:23:30::SCWMssOS::make -C microblaze_0/libsrc/standalone_v7_2/src -s include  "SHELL=CMD" "COMPILER=mb-gcc" "ASSEMBLER=mb-as" "ARCHIVER=mb-ar" "C
TRACE::2022-10-19.19:23:30::SCWMssOS::OMPILER_FLAGS=  -O2 -c -mcpu=v11.0 -mlittle-endian -mxl-soft-mul" "EXTRA_COMPILER_FLAGS=-g -ffunction-sections -fdata-sections 
TRACE::2022-10-19.19:23:30::SCWMssOS::-Wall -Wextra"

TRACE::2022-10-19.19:23:31::SCWMssOS::"Running Make include in microblaze_0/libsrc/uartlite_v3_4/src"

TRACE::2022-10-19.19:23:31::SCWMssOS::make -C microblaze_0/libsrc/uartlite_v3_4/src -s include  "SHELL=CMD" "COMPILER=mb-gcc" "ASSEMBLER=mb-as" "ARCHIVER=mb-ar" "COM
TRACE::2022-10-19.19:23:31::SCWMssOS::PILER_FLAGS=  -O2 -c -mcpu=v11.0 -mlittle-endian -mxl-soft-mul" "EXTRA_COMPILER_FLAGS=-g -ffunction-sections -fdata-sections -W
TRACE::2022-10-19.19:23:31::SCWMssOS::all -Wextra"

TRACE::2022-10-19.19:23:32::SCWMssOS::"Running Make libs in microblaze_0/libsrc/bram_v4_4/src"

TRACE::2022-10-19.19:23:32::SCWMssOS::make -C microblaze_0/libsrc/bram_v4_4/src -s libs  "SHELL=CMD" "COMPILER=mb-gcc" "ASSEMBLER=mb-as" "ARCHIVER=mb-ar" "COMPILER_F
TRACE::2022-10-19.19:23:32::SCWMssOS::LAGS=  -O2 -c -mcpu=v11.0 -mlittle-endian -mxl-soft-mul" "EXTRA_COMPILER_FLAGS=-g -ffunction-sections -fdata-sections -Wall -We
TRACE::2022-10-19.19:23:32::SCWMssOS::xtra"

TRACE::2022-10-19.19:23:32::SCWMssOS::"Compiling bram"

TRACE::2022-10-19.19:23:33::SCWMssOS::"Running Make libs in microblaze_0/libsrc/cpu_v2_11/src"

TRACE::2022-10-19.19:23:33::SCWMssOS::make -C microblaze_0/libsrc/cpu_v2_11/src -s libs  "SHELL=CMD" "COMPILER=mb-gcc" "ASSEMBLER=mb-as" "ARCHIVER=mb-ar" "COMPILER_F
TRACE::2022-10-19.19:23:33::SCWMssOS::LAGS=  -O2 -c -mcpu=v11.0 -mlittle-endian -mxl-soft-mul" "EXTRA_COMPILER_FLAGS=-g -ffunction-sections -fdata-sections -Wall -We
TRACE::2022-10-19.19:23:33::SCWMssOS::xtra"

TRACE::2022-10-19.19:23:34::SCWMssOS::"Compiling cpu"

TRACE::2022-10-19.19:23:34::SCWMssOS::"Running Make libs in microblaze_0/libsrc/gpio_v4_6/src"

TRACE::2022-10-19.19:23:34::SCWMssOS::make -C microblaze_0/libsrc/gpio_v4_6/src -s libs  "SHELL=CMD" "COMPILER=mb-gcc" "ASSEMBLER=mb-as" "ARCHIVER=mb-ar" "COMPILER_F
TRACE::2022-10-19.19:23:34::SCWMssOS::LAGS=  -O2 -c -mcpu=v11.0 -mlittle-endian -mxl-soft-mul" "EXTRA_COMPILER_FLAGS=-g -ffunction-sections -fdata-sections -Wall -We
TRACE::2022-10-19.19:23:34::SCWMssOS::xtra"

TRACE::2022-10-19.19:23:34::SCWMssOS::"Compiling gpio"

TRACE::2022-10-19.19:23:35::SCWMssOS::"Running Make libs in microblaze_0/libsrc/standalone_v7_2/src"

TRACE::2022-10-19.19:23:35::SCWMssOS::make -C microblaze_0/libsrc/standalone_v7_2/src -s libs  "SHELL=CMD" "COMPILER=mb-gcc" "ASSEMBLER=mb-as" "ARCHIVER=mb-ar" "COMP
TRACE::2022-10-19.19:23:35::SCWMssOS::ILER_FLAGS=  -O2 -c -mcpu=v11.0 -mlittle-endian -mxl-soft-mul" "EXTRA_COMPILER_FLAGS=-g -ffunction-sections -fdata-sections -Wa
TRACE::2022-10-19.19:23:35::SCWMssOS::ll -Wextra"

TRACE::2022-10-19.19:23:35::SCWMssOS::"Compiling standalone";

TRACE::2022-10-19.19:23:40::SCWMssOS::"Running Make libs in microblaze_0/libsrc/uartlite_v3_4/src"

TRACE::2022-10-19.19:23:40::SCWMssOS::make -C microblaze_0/libsrc/uartlite_v3_4/src -s libs  "SHELL=CMD" "COMPILER=mb-gcc" "ASSEMBLER=mb-as" "ARCHIVER=mb-ar" "COMPIL
TRACE::2022-10-19.19:23:40::SCWMssOS::ER_FLAGS=  -O2 -c -mcpu=v11.0 -mlittle-endian -mxl-soft-mul" "EXTRA_COMPILER_FLAGS=-g -ffunction-sections -fdata-sections -Wall
TRACE::2022-10-19.19:23:40::SCWMssOS:: -Wextra"

TRACE::2022-10-19.19:23:40::SCWMssOS::"Compiling uartlite"

TRACE::2022-10-19.19:23:41::SCWMssOS::'Finished building libraries'

TRACE::2022-10-19.19:23:41::SCWMssOS::Copying to export directory.
TRACE::2022-10-19.19:23:41::SCWMssOS:: Checking if to create the Supporting Applications
TRACE::2022-10-19.19:23:41::SCWMssOS:: No Linux domain exists, trying to generate FSBL 
LOG::2022-10-19.19:23:41::SCWSystem::Completed Processing the domain domain_microblaze_0
LOG::2022-10-19.19:23:41::SCWSystem::Completed Processing the sysconfig design_MicroBlaze_Fnd_wrapper
LOG::2022-10-19.19:23:41::SCWPlatform::Completed generating the artifacts for system configuration design_MicroBlaze_Fnd_wrapper
TRACE::2022-10-19.19:23:41::SCWPlatform::Started preparing the platform 
TRACE::2022-10-19.19:23:41::SCWSystem::Writing the bif file for system config design_MicroBlaze_Fnd_wrapper
TRACE::2022-10-19.19:23:41::SCWSystem::dir created 
TRACE::2022-10-19.19:23:41::SCWSystem::Writing the bif 
TRACE::2022-10-19.19:23:41::SCWPlatform::Started writing the spfm file 
TRACE::2022-10-19.19:23:41::SCWPlatform::Started writing the xpfm file 
TRACE::2022-10-19.19:23:41::SCWPlatform::Completed generating the platform
TRACE::2022-10-19.19:23:41::SCWMssOS::Saving the mss changes D:/FPGA/MicroBlaze_Fnd/MicroBlaze_Fnd.vitis/design_MicroBlaze_Fnd_wrapper/microblaze_0/domain_microblaze_0/bsp/system.mss
TRACE::2022-10-19.19:23:41::SCWMssOS::Found a swdesign opened with the mssfile.
TRACE::2022-10-19.19:23:41::SCWMssOS::Completed writemss as part of save.
TRACE::2022-10-19.19:23:41::SCWMssOS::Commit changes completed.
TRACE::2022-10-19.19:23:41::SCWPlatform::Trying to open the hw design at D:/FPGA/MicroBlaze_Fnd/MicroBlaze_Fnd.vitis/design_MicroBlaze_Fnd_wrapper/hw/design_MicroBlaze_Fnd_wrapper.xsa
TRACE::2022-10-19.19:23:41::SCWPlatform::DSA given D:/FPGA/MicroBlaze_Fnd/MicroBlaze_Fnd.vitis/design_MicroBlaze_Fnd_wrapper/hw/design_MicroBlaze_Fnd_wrapper.xsa
TRACE::2022-10-19.19:23:41::SCWPlatform::DSA absoulate path D:/FPGA/MicroBlaze_Fnd/MicroBlaze_Fnd.vitis/design_MicroBlaze_Fnd_wrapper/hw/design_MicroBlaze_Fnd_wrapper.xsa
TRACE::2022-10-19.19:23:41::SCWPlatform::DSA directory D:/FPGA/MicroBlaze_Fnd/MicroBlaze_Fnd.vitis/design_MicroBlaze_Fnd_wrapper/hw
TRACE::2022-10-19.19:23:41::SCWPlatform:: Platform Path D:/FPGA/MicroBlaze_Fnd/MicroBlaze_Fnd.vitis/design_MicroBlaze_Fnd_wrapper/hw/design_MicroBlaze_Fnd_wrapper.xsa
TRACE::2022-10-19.19:23:41::SCWPlatform:: Unique name xilinx:basys3::0.0
TRACE::2022-10-19.19:23:41::SCWPlatform::Trying to set the existing hwdb with name design_MicroBlaze_Fnd_wrapper_0
TRACE::2022-10-19.19:23:41::SCWPlatform::Opened existing hwdb design_MicroBlaze_Fnd_wrapper_0
TRACE::2022-10-19.19:23:41::SCWPlatform::Found the Hw Db part of the input DSA
TRACE::2022-10-19.19:23:41::SCWMssOS::Checking the sw design at  D:/FPGA/MicroBlaze_Fnd/MicroBlaze_Fnd.vitis/design_MicroBlaze_Fnd_wrapper/microblaze_0/domain_microblaze_0/bsp/system.mss
TRACE::2022-10-19.19:23:41::SCWMssOS::DEBUG:  swdes dump  D:/FPGA/MicroBlaze_Fnd/MicroBlaze_Fnd.vitis/design_MicroBlaze_Fnd_wrapper/microblaze_0/domain_microblaze_0/bsp/system.mss|system||

TRACE::2022-10-19.19:23:41::SCWMssOS::Sw design exists and opened at  D:/FPGA/MicroBlaze_Fnd/MicroBlaze_Fnd.vitis/design_MicroBlaze_Fnd_wrapper/microblaze_0/domain_microblaze_0/bsp/system.mss
TRACE::2022-10-19.19:23:41::SCWPlatform::Trying to open the hw design at D:/FPGA/MicroBlaze_Fnd/MicroBlaze_Fnd.vitis/design_MicroBlaze_Fnd_wrapper/hw/design_MicroBlaze_Fnd_wrapper.xsa
TRACE::2022-10-19.19:23:41::SCWPlatform::DSA given D:/FPGA/MicroBlaze_Fnd/MicroBlaze_Fnd.vitis/design_MicroBlaze_Fnd_wrapper/hw/design_MicroBlaze_Fnd_wrapper.xsa
TRACE::2022-10-19.19:23:41::SCWPlatform::DSA absoulate path D:/FPGA/MicroBlaze_Fnd/MicroBlaze_Fnd.vitis/design_MicroBlaze_Fnd_wrapper/hw/design_MicroBlaze_Fnd_wrapper.xsa
TRACE::2022-10-19.19:23:41::SCWPlatform::DSA directory D:/FPGA/MicroBlaze_Fnd/MicroBlaze_Fnd.vitis/design_MicroBlaze_Fnd_wrapper/hw
TRACE::2022-10-19.19:23:41::SCWPlatform:: Platform Path D:/FPGA/MicroBlaze_Fnd/MicroBlaze_Fnd.vitis/design_MicroBlaze_Fnd_wrapper/hw/design_MicroBlaze_Fnd_wrapper.xsa
TRACE::2022-10-19.19:23:41::SCWPlatform:: Unique name xilinx:basys3::0.0
TRACE::2022-10-19.19:23:41::SCWPlatform::Trying to set the existing hwdb with name design_MicroBlaze_Fnd_wrapper_0
TRACE::2022-10-19.19:23:41::SCWPlatform::Opened existing hwdb design_MicroBlaze_Fnd_wrapper_0
TRACE::2022-10-19.19:23:41::SCWPlatform::Found the Hw Db part of the input DSA
TRACE::2022-10-19.19:23:41::SCWMssOS::Checking the sw design at  D:/FPGA/MicroBlaze_Fnd/MicroBlaze_Fnd.vitis/design_MicroBlaze_Fnd_wrapper/microblaze_0/domain_microblaze_0/bsp/system.mss
TRACE::2022-10-19.19:23:41::SCWMssOS::DEBUG:  swdes dump  D:/FPGA/MicroBlaze_Fnd/MicroBlaze_Fnd.vitis/design_MicroBlaze_Fnd_wrapper/microblaze_0/domain_microblaze_0/bsp/system.mss|system||

TRACE::2022-10-19.19:23:41::SCWMssOS::Sw design exists and opened at  D:/FPGA/MicroBlaze_Fnd/MicroBlaze_Fnd.vitis/design_MicroBlaze_Fnd_wrapper/microblaze_0/domain_microblaze_0/bsp/system.mss
TRACE::2022-10-19.19:23:41::SCWPlatform::Trying to open the hw design at D:/FPGA/MicroBlaze_Fnd/MicroBlaze_Fnd.vitis/design_MicroBlaze_Fnd_wrapper/hw/design_MicroBlaze_Fnd_wrapper.xsa
TRACE::2022-10-19.19:23:41::SCWPlatform::DSA given D:/FPGA/MicroBlaze_Fnd/MicroBlaze_Fnd.vitis/design_MicroBlaze_Fnd_wrapper/hw/design_MicroBlaze_Fnd_wrapper.xsa
TRACE::2022-10-19.19:23:41::SCWPlatform::DSA absoulate path D:/FPGA/MicroBlaze_Fnd/MicroBlaze_Fnd.vitis/design_MicroBlaze_Fnd_wrapper/hw/design_MicroBlaze_Fnd_wrapper.xsa
TRACE::2022-10-19.19:23:41::SCWPlatform::DSA directory D:/FPGA/MicroBlaze_Fnd/MicroBlaze_Fnd.vitis/design_MicroBlaze_Fnd_wrapper/hw
TRACE::2022-10-19.19:23:41::SCWPlatform:: Platform Path D:/FPGA/MicroBlaze_Fnd/MicroBlaze_Fnd.vitis/design_MicroBlaze_Fnd_wrapper/hw/design_MicroBlaze_Fnd_wrapper.xsa
TRACE::2022-10-19.19:23:41::SCWPlatform:: Unique name xilinx:basys3::0.0
TRACE::2022-10-19.19:23:41::SCWPlatform::Trying to set the existing hwdb with name design_MicroBlaze_Fnd_wrapper_0
TRACE::2022-10-19.19:23:41::SCWPlatform::Opened existing hwdb design_MicroBlaze_Fnd_wrapper_0
TRACE::2022-10-19.19:23:41::SCWPlatform::Found the Hw Db part of the input DSA
TRACE::2022-10-19.19:23:41::SCWMssOS::Checking the sw design at  D:/FPGA/MicroBlaze_Fnd/MicroBlaze_Fnd.vitis/design_MicroBlaze_Fnd_wrapper/microblaze_0/domain_microblaze_0/bsp/system.mss
TRACE::2022-10-19.19:23:41::SCWMssOS::DEBUG:  swdes dump  D:/FPGA/MicroBlaze_Fnd/MicroBlaze_Fnd.vitis/design_MicroBlaze_Fnd_wrapper/microblaze_0/domain_microblaze_0/bsp/system.mss|system||

TRACE::2022-10-19.19:23:41::SCWMssOS::Sw design exists and opened at  D:/FPGA/MicroBlaze_Fnd/MicroBlaze_Fnd.vitis/design_MicroBlaze_Fnd_wrapper/microblaze_0/domain_microblaze_0/bsp/system.mss
TRACE::2022-10-19.19:23:41::SCWWriter::formatted JSON is {
	"platformName":	"design_MicroBlaze_Fnd_wrapper",
	"sprVersion":	"2.0",
	"mode":	"gui",
	"dsaType":	"Fixed",
	"platformDesc":	"design_MicroBlaze_Fnd_wrapper",
	"platHandOff":	"D:/FPGA/MicroBlaze_Fnd/design_MicroBlaze_Fnd_wrapper.xsa",
	"platIntHandOff":	"<platformDir>/hw/design_MicroBlaze_Fnd_wrapper.xsa",
	"deviceType":	"FPGA",
	"platIsPrebuiltAutogen":	"false",
	"platIsNoBootBsp":	"false",
	"hasFsblMakeHasChanges":	"false",
	"hasPmufwMakeHasChanges":	"false",
	"platPreBuiltFlag":	false,
	"platformSamplesDir":	"",
	"platActiveSys":	"design_MicroBlaze_Fnd_wrapper",
	"systems":	[{
			"systemName":	"design_MicroBlaze_Fnd_wrapper",
			"systemDesc":	"design_MicroBlaze_Fnd_wrapper",
			"sysIsBootAutoGen":	"true",
			"systemDispName":	"design_MicroBlaze_Fnd_wrapper",
			"sysActiveDom":	"domain_microblaze_0",
			"sysDefaultDom":	"domain_microblaze_0",
			"domains":	[{
					"domainName":	"domain_microblaze_0",
					"domainDispName":	"domain_microblaze_0",
					"domainDesc":	"domain_microblaze_0",
					"processors":	"microblaze_0",
					"os":	"standalone",
					"sdxOs":	"standalone",
					"debugEnable":	"False",
					"domRuntimes":	["cpp"],
					"swRepo":	"",
					"mssOsVer":	"7.2",
					"mssFile":	"",
					"md5Digest":	"8a010f0f922b4d01eef4d65ac0a6c71f",
					"compatibleApp":	"hello_world",
					"domType":	"mssDomain",
					"arch":	"32-bit",
					"appSettings":	{
						"appCompilerFlags":	"",
						"appLinkerFlags":	""
					},
					"addedLibs":	[],
					"libOptions":	{
						"libsContainingOptions":	[]
					},
					"prebuiltLibs":	{
						"prebuiltIncPath":	[],
						"prebuiltLibPath":	[]
					},
					"isolation":	{
					}
				}]
		}]
}
KEYINFO::2022-10-19.19:23:41::SCWPlatform::updated the xpfm file.
TRACE::2022-10-19.19:23:41::SCWPlatform::Trying to open the hw design at D:/FPGA/MicroBlaze_Fnd/MicroBlaze_Fnd.vitis/design_MicroBlaze_Fnd_wrapper/hw/design_MicroBlaze_Fnd_wrapper.xsa
TRACE::2022-10-19.19:23:41::SCWPlatform::DSA given D:/FPGA/MicroBlaze_Fnd/MicroBlaze_Fnd.vitis/design_MicroBlaze_Fnd_wrapper/hw/design_MicroBlaze_Fnd_wrapper.xsa
TRACE::2022-10-19.19:23:41::SCWPlatform::DSA absoulate path D:/FPGA/MicroBlaze_Fnd/MicroBlaze_Fnd.vitis/design_MicroBlaze_Fnd_wrapper/hw/design_MicroBlaze_Fnd_wrapper.xsa
TRACE::2022-10-19.19:23:41::SCWPlatform::DSA directory D:/FPGA/MicroBlaze_Fnd/MicroBlaze_Fnd.vitis/design_MicroBlaze_Fnd_wrapper/hw
TRACE::2022-10-19.19:23:41::SCWPlatform:: Platform Path D:/FPGA/MicroBlaze_Fnd/MicroBlaze_Fnd.vitis/design_MicroBlaze_Fnd_wrapper/hw/design_MicroBlaze_Fnd_wrapper.xsa
TRACE::2022-10-19.19:23:41::SCWPlatform:: Unique name xilinx:basys3::0.0
TRACE::2022-10-19.19:23:41::SCWPlatform::Trying to set the existing hwdb with name design_MicroBlaze_Fnd_wrapper_0
TRACE::2022-10-19.19:23:41::SCWPlatform::Opened existing hwdb design_MicroBlaze_Fnd_wrapper_0
TRACE::2022-10-19.19:23:41::SCWPlatform::Found the Hw Db part of the input DSA
TRACE::2022-10-19.19:23:41::SCWMssOS::Checking the sw design at  D:/FPGA/MicroBlaze_Fnd/MicroBlaze_Fnd.vitis/design_MicroBlaze_Fnd_wrapper/microblaze_0/domain_microblaze_0/bsp/system.mss
TRACE::2022-10-19.19:23:41::SCWMssOS::DEBUG:  swdes dump  D:/FPGA/MicroBlaze_Fnd/MicroBlaze_Fnd.vitis/design_MicroBlaze_Fnd_wrapper/microblaze_0/domain_microblaze_0/bsp/system.mss|system||

TRACE::2022-10-19.19:23:41::SCWMssOS::Sw design exists and opened at  D:/FPGA/MicroBlaze_Fnd/MicroBlaze_Fnd.vitis/design_MicroBlaze_Fnd_wrapper/microblaze_0/domain_microblaze_0/bsp/system.mss
