Copyright 1986-2020 Xilinx, Inc. All Rights Reserved.
---------------------------------------------------------------------------------------------------------------------------------------------------------------------------------
| Tool Version : Vivado v.2020.1 (win64) Build 2902540 Wed May 27 19:54:49 MDT 2020
| Date         : Wed Oct 19 19:15:09 2022
| Host         : 603-21 running 64-bit major release  (build 9200)
| Command      : report_drc -file design_MicroBlaze_Fnd_wrapper_drc_routed.rpt -pb design_MicroBlaze_Fnd_wrapper_drc_routed.pb -rpx design_MicroBlaze_Fnd_wrapper_drc_routed.rpx
| Design       : design_MicroBlaze_Fnd_wrapper
| Device       : xc7a35tcpg236-1
| Speed File   : -1
| Design State : Fully Routed
---------------------------------------------------------------------------------------------------------------------------------------------------------------------------------

Report DRC

Table of Contents
-----------------
1. REPORT SUMMARY
2. REPORT DETAILS

1. REPORT SUMMARY
-----------------
            Netlist: netlist
          Floorplan: design_1
      Design limits: <entire design considered>
           Ruledeck: default
             Max violations: <unlimited>
             Violations found: 1
+----------+----------+-------------------+------------+
| Rule     | Severity | Description       | Violations |
+----------+----------+-------------------+------------+
| PDRC-153 | Warning  | Gated clock check | 1          |
+----------+----------+-------------------+------------+

2. REPORT DETAILS
-----------------
PDRC-153#1 Warning
Gated clock check  
Net design_MicroBlaze_Fnd_i/AXI4_FND_0/inst/U1/r_font_inferred__0/i__n_0 is a gated clock net sourced by a combinational pin design_MicroBlaze_Fnd_i/AXI4_FND_0/inst/U1/r_font_inferred__0/i_/O, cell design_MicroBlaze_Fnd_i/AXI4_FND_0/inst/U1/r_font_inferred__0/i_. This is not good design practice and will likely impact performance. For SLICE registers, for example, use the CE pin to control the loading of data.
Related violations: <none>


